Sun Nov 10 19:44:45 Loaded file C:\PROGRAM FILES\ORCAD\LAYOUT_PLUS\LIBRARY\DIP100T.LLB
Mon Nov 11 02:19:34 Loaded file F:\SEM-5\PCB_PROJECT\PCB_PROJECT_FOOTPRINT_LIBRARY.LLB
Mon Nov 11 02:19:43 Loaded file F:\SEM-5\FPGA\PCB_PROJECT_FOOTPRINT_LIBRARY.LLB
Mon Nov 11 02:20:20 Loaded file C:\Program Files\Orcad\Layout_Plus\data\template.imp
Mon Nov 11 02:22:29 Loaded file C:\Program Files\Orcad\Layout_Plus\library\padstack.llb
Mon Nov 11 02:23:16 Loaded file F:\SEM-5\FPGA\PCB_PROJECT_FOOTPRINT_LIBRARY.LLB
Mon Nov 11 02:23:16 Saved as file F:\SEM-5\FPGA\PCB_PROJECT_FOOTPRINT_LIBRARY.LLB
Mon Nov 11 02:23:18 Loaded file F:\SEM-5\FPGA\PCB_PROJECT_FOOTPRINT_LIBRARY.LLB
Mon Nov 11 02:23:53 Loaded file F:\SEM-5\FPGA\PCB_PROJECT_FOOTPRINT_LIBRARY.LLB
Mon Nov 11 02:23:53 Saved as file F:\SEM-5\FPGA\PCB_PROJECT_FOOTPRINT_LIBRARY.LLB
Mon Nov 11 02:23:57 Loaded file F:\SEM-5\FPGA\PCB_PROJECT_FOOTPRINT_LIBRARY.LLB
Mon Nov 11 02:24:17 Loaded file F:\SEM-5\FPGA\PCB_PROJECT_FOOTPRINT_LIBRARY.LLB
Mon Nov 11 02:24:17 Saved as file F:\SEM-5\FPGA\PCB_PROJECT_FOOTPRINT_LIBRARY.LLB
Mon Nov 11 02:24:44 Loaded file C:\Program Files\Orcad\Layout_Plus\data\template.imp
Mon Nov 11 02:26:21 Loaded file C:\Program Files\Orcad\Layout_Plus\library\padstack.llb
Mon Nov 11 02:26:59 Loaded file F:\SEM-5\FPGA\PCB_PROJECT_FOOTPRINT_LIBRARY.LLB
Mon Nov 11 02:26:59 Saved as file F:\SEM-5\FPGA\PCB_PROJECT_FOOTPRINT_LIBRARY.LLB
Mon Nov 11 02:27:00 Loaded file F:\SEM-5\FPGA\PCB_PROJECT_FOOTPRINT_LIBRARY.LLB
Mon Nov 11 02:27:17 Loaded file F:\SEM-5\FPGA\PCB_PROJECT_FOOTPRINT_LIBRARY.LLB
Mon Nov 11 02:27:17 Saved as file F:\SEM-5\FPGA\PCB_PROJECT_FOOTPRINT_LIBRARY.LLB
Mon Nov 11 02:27:19 Loaded file F:\SEM-5\FPGA\PCB_PROJECT_FOOTPRINT_LIBRARY.LLB
Mon Nov 11 02:27:56 Loaded file C:\Program Files\Orcad\Layout_Plus\data\template.imp
Mon Nov 11 02:29:27 Loaded file C:\Program Files\Orcad\Layout_Plus\library\padstack.llb
Mon Nov 11 02:31:08 Loaded file F:\SEM-5\FPGA\PCB_PROJECT_FOOTPRINT_LIBRARY.LLB
Mon Nov 11 02:31:08 Saved as file F:\SEM-5\FPGA\PCB_PROJECT_FOOTPRINT_LIBRARY.LLB
Mon Nov 11 02:31:09 Loaded file F:\SEM-5\FPGA\PCB_PROJECT_FOOTPRINT_LIBRARY.LLB
Mon Nov 11 02:32:01 Loaded file C:\Program Files\Orcad\Layout_Plus\data\template.imp
Mon Nov 11 02:32:26 Loaded file F:\SEM-5\FPGA\PCB_PROJECT_FOOTPRINT_LIBRARY.LLB
Mon Nov 11 02:32:26 Saved as file F:\SEM-5\FPGA\PCB_PROJECT_FOOTPRINT_LIBRARY.LLB
Mon Nov 11 02:32:27 Loaded file F:\SEM-5\FPGA\PCB_PROJECT_FOOTPRINT_LIBRARY.LLB
Mon Nov 11 02:32:36 Loaded file F:\SEM-5\FPGA\PCB_PROJECT_FOOTPRINT_LIBRARY.LLB
Mon Nov 11 02:32:36 Saved as file F:\SEM-5\FPGA\PCB_PROJECT_FOOTPRINT_LIBRARY.LLB
Mon Nov 11 02:32:37 Loaded file F:\SEM-5\FPGA\PCB_PROJECT_FOOTPRINT_LIBRARY.LLB
Mon Nov 11 02:33:02 Loaded file F:\SEM-5\FPGA\PCB_PROJECT_FOOTPRINT_LIBRARY.LLB
Mon Nov 11 02:33:02 Saved as file F:\SEM-5\FPGA\PCB_PROJECT_FOOTPRINT_LIBRARY.LLB
Mon Nov 11 02:33:04 Loaded file F:\SEM-5\FPGA\PCB_PROJECT_FOOTPRINT_LIBRARY.LLB
Mon Nov 11 02:33:37 Loaded file F:\SEM-5\FPGA\PCB_PROJECT_FOOTPRINT_LIBRARY.LLB
Mon Nov 11 02:33:37 Saved as file F:\SEM-5\FPGA\PCB_PROJECT_FOOTPRINT_LIBRARY.LLB
Mon Nov 11 02:33:40 Loaded file F:\SEM-5\FPGA\PCB_PROJECT_FOOTPRINT_LIBRARY.LLB
Mon Nov 11 02:35:18 Loaded file C:\Program Files\Orcad\Layout_Plus\data\template.imp
Mon Nov 11 02:38:25 Loaded file C:\Program Files\Orcad\Layout_Plus\library\padstack.llb
Mon Nov 11 02:40:42 Loaded file F:\SEM-5\FPGA\PCB_PROJECT_FOOTPRINT_LIBRARY.LLB
Mon Nov 11 02:40:42 Saved as file F:\SEM-5\FPGA\PCB_PROJECT_FOOTPRINT_LIBRARY.LLB
Mon Nov 11 02:40:43 Loaded file F:\SEM-5\FPGA\PCB_PROJECT_FOOTPRINT_LIBRARY.LLB
Mon Nov 11 02:40:49 Loaded file C:\Program Files\Orcad\Layout_Plus\data\template.imp
Mon Nov 11 02:41:36 Loaded file C:\Program Files\Orcad\Layout_Plus\data\template.imp
Mon Nov 11 02:44:35 Loaded file F:\SEM-5\FPGA\PCB_PROJECT_FOOTPRINT_LIBRARY.LLB
Mon Nov 11 02:44:35 Saved as file F:\SEM-5\FPGA\PCB_PROJECT_FOOTPRINT_LIBRARY.LLB
Mon Nov 11 02:44:36 Loaded file F:\SEM-5\FPGA\PCB_PROJECT_FOOTPRINT_LIBRARY.LLB
Mon Nov 11 02:45:39 Loaded file C:\Program Files\Orcad\Layout_Plus\data\template.imp
Mon Nov 11 02:47:21 Loaded file C:\Program Files\Orcad\Layout_Plus\library\padstack.llb
Mon Nov 11 02:47:31 Loaded file C:\Program Files\Orcad\Layout_Plus\library\padstack.llb
Mon Nov 11 02:47:32 Loaded file C:\Program Files\Orcad\Layout_Plus\library\padstack.llb
Mon Nov 11 02:48:54 Loaded file C:\Program Files\Orcad\Layout_Plus\library\padstack.llb
Mon Nov 11 02:50:06 Loaded file F:\SEM-5\FPGA\PCB_PROJECT_FOOTPRINT_LIBRARY.LLB
Mon Nov 11 02:50:06 Saved as file F:\SEM-5\FPGA\PCB_PROJECT_FOOTPRINT_LIBRARY.LLB
Mon Nov 11 02:50:14 Loaded file F:\SEM-5\FPGA\PCB_PROJECT_FOOTPRINT_LIBRARY.LLB
Mon Nov 11 02:51:02 Loaded file F:\SEM-5\FPGA\PCB_PROJECT_FOOTPRINT_LIBRARY.LLB
Mon Nov 11 02:51:02 Saved as file F:\SEM-5\FPGA\PCB_PROJECT_FOOTPRINT_LIBRARY.LLB
Mon Nov 11 02:51:03 Loaded file F:\SEM-5\FPGA\PCB_PROJECT_FOOTPRINT_LIBRARY.LLB
Mon Nov 11 02:51:07 Loaded file C:\Program Files\Orcad\Layout_Plus\data\template.imp
Mon Nov 11 02:51:07 Loaded file C:\Program Files\Orcad\Layout_Plus\data\template.imp
Mon Nov 11 02:51:16 Loaded file C:\Program Files\Orcad\Layout_Plus\library\padstack.llb
Mon Nov 11 02:51:20 Loaded file C:\Program Files\Orcad\Layout_Plus\library\padstack.llb
Mon Nov 11 02:51:29 Loaded file C:\Program Files\Orcad\Layout_Plus\library\padstack.llb
Mon Nov 11 02:51:41 Loaded file C:\Program Files\Orcad\Layout_Plus\library\padstack.llb
Mon Nov 11 02:51:45 Loaded file C:\Program Files\Orcad\Layout_Plus\library\padstack.llb
Mon Nov 11 02:51:48 Loaded file C:\Program Files\Orcad\Layout_Plus\library\padstack.llb
Mon Nov 11 02:52:39 Loaded file F:\SEM-5\FPGA\PCB_PROJECT_FOOTPRINT_LIBRARY.LLB
Mon Nov 11 02:52:39 Saved as file F:\SEM-5\FPGA\PCB_PROJECT_FOOTPRINT_LIBRARY.LLB
Mon Nov 11 02:52:40 Loaded file F:\SEM-5\FPGA\PCB_PROJECT_FOOTPRINT_LIBRARY.LLB
Mon Nov 11 02:52:40 Saved as file F:\SEM-5\FPGA\PCB_PROJECT_FOOTPRINT_LIBRARY.LLB
Mon Nov 11 02:52:42 Loaded file F:\SEM-5\FPGA\PCB_PROJECT_FOOTPRINT_LIBRARY.LLB
Mon Nov 11 02:55:11 Loaded file C:\Program Files\Orcad\Layout_Plus\data\template.imp
Mon Nov 11 02:57:58 Loaded file C:\Program Files\Orcad\Layout_Plus\library\padstack.llb
Mon Nov 11 02:58:25 Loaded file C:\Program Files\Orcad\Layout_Plus\library\padstack.llb
Mon Nov 11 02:59:02 Loaded file F:\SEM-5\FPGA\PCB_PROJECT_FOOTPRINT_LIBRARY.LLB
Mon Nov 11 02:59:02 Saved as file F:\SEM-5\FPGA\PCB_PROJECT_FOOTPRINT_LIBRARY.LLB
Mon Nov 11 02:59:06 Loaded file F:\SEM-5\FPGA\PCB_PROJECT_FOOTPRINT_LIBRARY.LLB
Mon Nov 11 02:59:07 Loaded file F:\SEM-5\FPGA\PCB_PROJECT_FOOTPRINT_LIBRARY.LLB
Mon Nov 11 02:59:11 Loaded file C:\Program Files\Orcad\Layout_Plus\data\template.imp
Mon Nov 11 02:59:14 Loaded file C:\Program Files\Orcad\Layout_Plus\data\template.imp
Mon Nov 11 02:59:31 Loaded file C:\Program Files\Orcad\Layout_Plus\data\template.imp
Mon Nov 11 03:25:09 Loaded file C:\Program Files\Orcad\Layout_Plus\data\template.imp
Mon Nov 11 03:26:57 Loaded file C:\Program Files\Orcad\Layout_Plus\library\padstack.llb
Mon Nov 11 03:27:09 Loaded file C:\Program Files\Orcad\Layout_Plus\library\padstack.llb
Mon Nov 11 03:28:22 Loaded file F:\SEM-5\FPGA\PCB_PROJECT_FOOTPRINT_LIBRARY.LLB
Mon Nov 11 03:28:22 Saved as file F:\SEM-5\FPGA\PCB_PROJECT_FOOTPRINT_LIBRARY.LLB
Mon Nov 11 03:28:23 Loaded file F:\SEM-5\FPGA\PCB_PROJECT_FOOTPRINT_LIBRARY.LLB
Mon Nov 11 03:40:56 Saved as file F:\SEM-5\FPGA\TEMPLATE.TPL
Mon Nov 11 03:40:59 Saved as file F:\SEM-5\FPGA\TEMPLATE.MAX
Mon Nov 11 03:40:59 Saved as file F:\SEM-5\FPGA\TEMPLATE.MAX
Mon Nov 11 03:40:59 Saved as file F:\SEM-5\FPGA\TEMPLATE.MAX
Mon Nov 11 03:40:59 Saved as file F:\SEM-5\FPGA\TEMPLATE.MAX
Mon Nov 11 03:41:00 Saved as file F:\SEM-5\FPGA\TEMPLATE.MAX
Mon Nov 11 03:41:20 Loaded file F:\SEM-5\FPGA\TEMPLATE.MAX
Mon Nov 11 03:41:56 Loaded file F:\SEM-5\FPGA\TEMPLATE.TPL
Mon Nov 11 03:42:14 Saved as file F:\SEM-5\FPGA\FPGA_BOARD_SCHEMATIC_LAYOUT.MAX
Mon Nov 11 03:42:14 Saved as file BACKUP1.MAX
Mon Nov 11 03:42:14 Saved as file F:\SEM-5\FPGA\FPGA_BOARD_SCHEMATIC_LAYOUT.MAX
Mon Nov 11 03:42:14 UserDiv from Layout.INI for AutoECO: 60
Mon Nov 11 03:42:14 Loaded file F:\SEM-5\FPGA\FPGA_BOARD_SCHEMATIC_LAYOUT.MAX
Mon Nov 11 03:42:14 Loaded file F:\SEM-5\FPGA\PCB_PROJECT_FOOTPRINT_LIBRARY.LLB
Mon Nov 11 03:42:14 Loaded file C:\Program Files\Orcad\Layout_Plus\library\BCON100T.llb
Mon Nov 11 03:42:14 Loaded file C:\Program Files\Orcad\Layout_Plus\library\BCON156T.llb
Mon Nov 11 03:42:14 Loaded file C:\Program Files\Orcad\Layout_Plus\library\BGA.llb
Mon Nov 11 03:42:14 Loaded file C:\Program Files\Orcad\Layout_Plus\library\CLCC.llb
Mon Nov 11 03:42:14 Loaded file C:\Program Files\Orcad\Layout_Plus\library\DCON050T.llb
Mon Nov 11 03:42:14 Loaded file C:\Program Files\Orcad\Layout_Plus\library\DCON085T.llb
Mon Nov 11 03:42:14 Loaded file C:\Program Files\Orcad\Layout_Plus\library\DIMM050F.llb
Mon Nov 11 03:42:14 Loaded file C:\Program Files\Orcad\Layout_Plus\library\DIMM050T.llb
Mon Nov 11 03:42:14 Loaded file C:\Program Files\Orcad\Layout_Plus\library\DIN.llb
Mon Nov 11 03:42:15 Loaded file C:\Program Files\Orcad\Layout_Plus\library\DIP100B.llb
Mon Nov 11 03:42:15 Loaded file C:\Program Files\Orcad\Layout_Plus\library\DIP100T.llb
Mon Nov 11 03:42:15 Loaded file C:\Program Files\Orcad\Layout_Plus\library\DSUBT.llb
Mon Nov 11 03:42:15 Loaded file C:\Program Files\Orcad\Layout_Plus\library\DSUBT_HD.LLB
Mon Nov 11 03:42:15 Loaded file C:\Program Files\Orcad\Layout_Plus\library\ECON100T.llb
Mon Nov 11 03:42:15 Loaded file C:\Program Files\Orcad\Layout_Plus\library\FBUS.llb
Mon Nov 11 03:42:15 Loaded file C:\Program Files\Orcad\Layout_Plus\library\ISA.llb
Mon Nov 11 03:42:15 Loaded file C:\Program Files\Orcad\Layout_Plus\library\JUMPER.LLB
Mon Nov 11 03:42:15 Loaded file C:\Program Files\Orcad\Layout_Plus\library\LAYOUT.llb
Mon Nov 11 03:42:15 Loaded file C:\Program Files\Orcad\Layout_Plus\library\LCON100T.llb
Mon Nov 11 03:42:15 Loaded file C:\Program Files\Orcad\Layout_Plus\library\PC104.llb
Mon Nov 11 03:42:15 Loaded file C:\Program Files\Orcad\Layout_Plus\library\PCI.llb
Mon Nov 11 03:42:15 Loaded file C:\Program Files\Orcad\Layout_Plus\library\PCON100T.llb
Mon Nov 11 03:42:15 Loaded file C:\Program Files\Orcad\Layout_Plus\library\PCON156T.llb
Mon Nov 11 03:42:15 Loaded file C:\Program Files\Orcad\Layout_Plus\library\PGA.llb
Mon Nov 11 03:42:15 Loaded file C:\Program Files\Orcad\Layout_Plus\library\PLCC.llb
Mon Nov 11 03:42:15 Loaded file C:\Program Files\Orcad\Layout_Plus\library\QUAD.llb
Mon Nov 11 03:42:15 Loaded file C:\Program Files\Orcad\Layout_Plus\library\QUADB.llb
Mon Nov 11 03:42:15 Loaded file C:\Program Files\Orcad\Layout_Plus\library\RELAY.llb
Mon Nov 11 03:42:15 Loaded file C:\Program Files\Orcad\Layout_Plus\library\RF.llb
Mon Nov 11 03:42:15 Loaded file C:\Program Files\Orcad\Layout_Plus\library\SBUS.llb
Mon Nov 11 03:42:15 Loaded file C:\Program Files\Orcad\Layout_Plus\library\SIMM050F.llb
Mon Nov 11 03:42:15 Loaded file C:\Program Files\Orcad\Layout_Plus\library\SIMM050T.llb
Mon Nov 11 03:42:15 Loaded file C:\Program Files\Orcad\Layout_Plus\library\SIMM100F.llb
Mon Nov 11 03:42:15 Loaded file C:\Program Files\Orcad\Layout_Plus\library\SIMM100T.llb
Mon Nov 11 03:42:15 Loaded file C:\Program Files\Orcad\Layout_Plus\library\SIP.llb
Mon Nov 11 03:42:15 Loaded file C:\Program Files\Orcad\Layout_Plus\library\SM.llb
Mon Nov 11 03:42:15 Loaded file C:\Program Files\Orcad\Layout_Plus\library\SOG.llb
Mon Nov 11 03:42:15 Loaded file C:\Program Files\Orcad\Layout_Plus\library\SOJ.llb
Mon Nov 11 03:42:15 Loaded file C:\Program Files\Orcad\Layout_Plus\library\STIFF.llb
Mon Nov 11 03:42:15 Loaded file C:\Program Files\Orcad\Layout_Plus\library\TELE.llb
Mon Nov 11 03:42:15 Loaded file C:\Program Files\Orcad\Layout_Plus\library\TM_AXIAL.llb
Mon Nov 11 03:42:15 Loaded file C:\Program Files\Orcad\Layout_Plus\library\TM_CAP_P.llb
Mon Nov 11 03:42:15 Loaded file C:\Program Files\Orcad\Layout_Plus\library\TM_CYLND.llb
Mon Nov 11 03:42:15 Loaded file C:\Program Files\Orcad\Layout_Plus\library\TM_DIODE.llb
Mon Nov 11 03:42:15 Loaded file C:\Program Files\Orcad\Layout_Plus\library\TM_DISC.llb
Mon Nov 11 03:42:15 Loaded file C:\Program Files\Orcad\Layout_Plus\library\TM_RAD.llb
Mon Nov 11 03:42:15 Loaded file C:\Program Files\Orcad\Layout_Plus\library\TO.llb
Mon Nov 11 03:42:15 Loaded file C:\Program Files\Orcad\Layout_Plus\library\TRAINING.LLB
Mon Nov 11 03:42:15 Loaded file C:\Program Files\Orcad\Layout_Plus\library\VRES.llb
Mon Nov 11 03:42:15 Loaded file C:\Program Files\Orcad\Layout_Plus\library\WCON100T.llb
Mon Nov 11 03:42:16 Loaded file C:\Program Files\Orcad\Layout_Plus\library\XT.llb
Mon Nov 11 03:42:16 Loaded file C:\Program Files\Orcad\Layout_Plus\library\ZIGZAG.llb
Mon Nov 11 03:42:16 Loaded file F:\SEM-5\FPGA\PCB_PROJECT_FOOTPRINT_LIBRARY.LLB
Mon Nov 11 03:42:16 Loaded file F:\SEM-5\FPGA\PCB_PROJECT_FOOTPRINT_LIBRARY.LLB
Mon Nov 11 03:42:16 Loaded file F:\SEM-5\FPGA\PCB_PROJECT_FOOTPRINT_LIBRARY.LLB
Mon Nov 11 03:42:16 Loaded file F:\SEM-5\FPGA\PCB_PROJECT_FOOTPRINT_LIBRARY.LLB
Mon Nov 11 03:42:16 Loaded file F:\SEM-5\FPGA\PCB_PROJECT_FOOTPRINT_LIBRARY.LLB
Mon Nov 11 03:42:16 Loaded file F:\SEM-5\FPGA\PCB_PROJECT_FOOTPRINT_LIBRARY.LLB
Mon Nov 11 03:42:16 Loaded file F:\SEM-5\FPGA\PCB_PROJECT_FOOTPRINT_LIBRARY.LLB
Mon Nov 11 03:42:16 Loaded file F:\SEM-5\FPGA\PCB_PROJECT_FOOTPRINT_LIBRARY.LLB
Mon Nov 11 03:42:16 Loaded file F:\SEM-5\FPGA\PCB_PROJECT_FOOTPRINT_LIBRARY.LLB
Mon Nov 11 03:42:16 Loaded file F:\SEM-5\FPGA\PCB_PROJECT_FOOTPRINT_LIBRARY.LLB
Mon Nov 11 03:42:16 Loaded file F:\SEM-5\FPGA\PCB_PROJECT_FOOTPRINT_LIBRARY.LLB
Mon Nov 11 03:42:16 Loaded file F:\SEM-5\FPGA\PCB_PROJECT_FOOTPRINT_LIBRARY.LLB
Mon Nov 11 03:42:16 Loaded file F:\SEM-5\FPGA\PCB_PROJECT_FOOTPRINT_LIBRARY.LLB
Mon Nov 11 03:42:16 Loaded file F:\SEM-5\FPGA\PCB_PROJECT_FOOTPRINT_LIBRARY.LLB
Mon Nov 11 03:42:16 Loaded file F:\SEM-5\FPGA\PCB_PROJECT_FOOTPRINT_LIBRARY.LLB
Mon Nov 11 03:42:16 Loaded file F:\SEM-5\FPGA\PCB_PROJECT_FOOTPRINT_LIBRARY.LLB
Mon Nov 11 03:42:16 Loaded file F:\SEM-5\FPGA\PCB_PROJECT_FOOTPRINT_LIBRARY.LLB
Mon Nov 11 03:42:16 Loaded file F:\SEM-5\FPGA\PCB_PROJECT_FOOTPRINT_LIBRARY.LLB
Mon Nov 11 03:42:16 Loaded file F:\SEM-5\FPGA\PCB_PROJECT_FOOTPRINT_LIBRARY.LLB
Mon Nov 11 03:42:16 Loaded file F:\SEM-5\FPGA\PCB_PROJECT_FOOTPRINT_LIBRARY.LLB
Mon Nov 11 03:42:16 Loaded file F:\SEM-5\FPGA\PCB_PROJECT_FOOTPRINT_LIBRARY.LLB
Mon Nov 11 03:42:16 Loaded file F:\SEM-5\FPGA\PCB_PROJECT_FOOTPRINT_LIBRARY.LLB
Mon Nov 11 03:42:16 Loaded file F:\SEM-5\FPGA\PCB_PROJECT_FOOTPRINT_LIBRARY.LLB
Mon Nov 11 03:42:16 Loaded file F:\SEM-5\FPGA\PCB_PROJECT_FOOTPRINT_LIBRARY.LLB
Mon Nov 11 03:42:16 Loaded file F:\SEM-5\FPGA\PCB_PROJECT_FOOTPRINT_LIBRARY.LLB
Mon Nov 11 03:42:16 Loaded file F:\SEM-5\FPGA\PCB_PROJECT_FOOTPRINT_LIBRARY.LLB
Mon Nov 11 03:42:16 Loaded file F:\SEM-5\FPGA\PCB_PROJECT_FOOTPRINT_LIBRARY.LLB
Mon Nov 11 03:42:16 Loaded file F:\SEM-5\FPGA\PCB_PROJECT_FOOTPRINT_LIBRARY.LLB
Mon Nov 11 03:42:16 Loaded file F:\SEM-5\FPGA\PCB_PROJECT_FOOTPRINT_LIBRARY.LLB
Mon Nov 11 03:42:16 Loaded file F:\SEM-5\FPGA\PCB_PROJECT_FOOTPRINT_LIBRARY.LLB
Mon Nov 11 03:42:16 Loaded file F:\SEM-5\FPGA\PCB_PROJECT_FOOTPRINT_LIBRARY.LLB
Mon Nov 11 03:42:16 Saved as file F:\SEM-5\FPGA\FPGA_BOARD_SCHEMATIC_LAYOUT.MAX
Mon Nov 11 03:42:16 Loaded file F:\SEM-5\FPGA\FPGA_BOARD_SCHEMATIC_LAYOUT.MAX
Mon Nov 11 03:42:16 Loaded file F:\SEM-5\FPGA\FPGA_BOARD_SCHEMATIC_LAYOUT.MAX
Mon Nov 11 03:52:23 Saved as file BACKUP1.MAX
Mon Nov 11 04:02:24 Saved as file BACKUP1.MAX
Mon Nov 11 04:12:54 Saved as file BACKUP1.MAX
Mon Nov 11 04:23:23 Saved as file BACKUP1.MAX
Mon Nov 11 04:24:48 Saved as file ~undo.max
Mon Nov 11 04:26:47 Saved as file ~undo.max
Mon Nov 11 04:27:05 Saved as file ~undo.max
Mon Nov 11 04:27:15 Saved as file ~undo.max
Mon Nov 11 04:33:53 Saved as file BACKUP1.MAX
Mon Nov 11 04:43:53 Saved as file BACKUP1.MAX
Mon Nov 11 04:45:27 Saved as file F:\SEM-5\FPGA\FPGA_BOARD_SCHEMATIC_LAYOUT.MAX
Mon Nov 11 04:45:28 Saved as file F:\SEM-5\FPGA\FPGA_BOARD_SCHEMATIC_LAYOUT.MAX
Mon Nov 11 04:45:28 Saved as file F:\SEM-5\FPGA\FPGA_BOARD_SCHEMATIC_LAYOUT.MAX
Mon Nov 11 04:45:38 Saved as file F:\SEM-5\FPGA\FPGA_BOARD_SCHEMATIC_LAYOUT.MAX
Mon Nov 11 07:48:43 Saved as file BACKUP1.MAX
Mon Nov 11 07:48:43 Saved as file C:\USERS\SRIKA\DESKTOP\FPGA_ARREANGED\FPGA_BOARD_SCHEMATIC_LAYOUT.MAX
Mon Nov 11 07:48:43 UserDiv from Layout.INI for AutoECO: 60
Mon Nov 11 07:48:43 Loaded file C:\USERS\SRIKA\DESKTOP\FPGA_ARREANGED\FPGA_BOARD_SCHEMATIC_LAYOUT.MAX
Mon Nov 11 07:48:43 Loaded file C:\USERS\SRIKA\DESKTOP\5TH SEM\LABS\ELECTRONIC MANUFACTURING AND PROTOTYPING\SCHEMATIC\POSITIVE_CLIPPER.LLB
Mon Nov 11 07:48:43 Loaded file C:\USERS\SRIKA\DOCUMENTS\PSU_FOOTPRINT.LLB
Mon Nov 11 07:48:43 Loaded file C:\Program Files\Orcad\Layout_Plus\library\BCON100T.llb
Mon Nov 11 07:48:44 Loaded file C:\Program Files\Orcad\Layout_Plus\library\BCON156T.llb
Mon Nov 11 07:48:44 Loaded file C:\Program Files\Orcad\Layout_Plus\library\BGA.llb
Mon Nov 11 07:48:44 Loaded file C:\Program Files\Orcad\Layout_Plus\library\CLCC.llb
Mon Nov 11 07:48:44 Loaded file C:\Program Files\Orcad\Layout_Plus\library\DCON050T.llb
Mon Nov 11 07:48:44 Loaded file C:\Program Files\Orcad\Layout_Plus\library\DCON085T.llb
Mon Nov 11 07:48:44 Loaded file C:\Program Files\Orcad\Layout_Plus\library\DIMM050F.llb
Mon Nov 11 07:48:44 Loaded file C:\Program Files\Orcad\Layout_Plus\library\DIMM050T.llb
Mon Nov 11 07:48:44 Loaded file C:\Program Files\Orcad\Layout_Plus\library\DIN.llb
Mon Nov 11 07:48:44 Loaded file C:\Program Files\Orcad\Layout_Plus\library\DIP100B.llb
Mon Nov 11 07:48:44 Loaded file C:\Program Files\Orcad\Layout_Plus\library\DIP100T.llb
Mon Nov 11 07:48:44 Loaded file C:\Program Files\Orcad\Layout_Plus\library\DSUBT.llb
Mon Nov 11 07:48:44 Loaded file C:\Program Files\Orcad\Layout_Plus\library\DSUBT_HD.LLB
Mon Nov 11 07:48:44 Loaded file C:\Program Files\Orcad\Layout_Plus\library\ECON100T.llb
Mon Nov 11 07:48:44 Loaded file C:\Program Files\Orcad\Layout_Plus\library\FBUS.llb
Mon Nov 11 07:48:44 Loaded file C:\Program Files\Orcad\Layout_Plus\library\ISA.llb
Mon Nov 11 07:48:44 Loaded file C:\Program Files\Orcad\Layout_Plus\library\JUMPER.LLB
Mon Nov 11 07:48:44 Loaded file C:\Program Files\Orcad\Layout_Plus\library\LAYOUT.llb
Mon Nov 11 07:48:44 Loaded file C:\Program Files\Orcad\Layout_Plus\library\LCON100T.llb
Mon Nov 11 07:48:44 Loaded file C:\Program Files\Orcad\Layout_Plus\library\PC104.llb
Mon Nov 11 07:48:44 Loaded file C:\Program Files\Orcad\Layout_Plus\library\PCI.llb
Mon Nov 11 07:48:44 Loaded file C:\Program Files\Orcad\Layout_Plus\library\PCON100T.llb
Mon Nov 11 07:48:44 Loaded file C:\Program Files\Orcad\Layout_Plus\library\PCON156T.llb
Mon Nov 11 07:48:44 Loaded file C:\Program Files\Orcad\Layout_Plus\library\PGA.llb
Mon Nov 11 07:48:44 Loaded file C:\Program Files\Orcad\Layout_Plus\library\PLCC.llb
Mon Nov 11 07:48:44 Loaded file C:\Program Files\Orcad\Layout_Plus\library\QUAD.llb
Mon Nov 11 07:48:44 Loaded file C:\Program Files\Orcad\Layout_Plus\library\QUADB.llb
Mon Nov 11 07:48:44 Loaded file C:\Program Files\Orcad\Layout_Plus\library\RELAY.llb
Mon Nov 11 07:48:44 Loaded file C:\Program Files\Orcad\Layout_Plus\library\RF.llb
Mon Nov 11 07:48:44 Loaded file C:\Program Files\Orcad\Layout_Plus\library\SBUS.llb
Mon Nov 11 07:48:44 Loaded file C:\Program Files\Orcad\Layout_Plus\library\SIMM050F.llb
Mon Nov 11 07:48:44 Loaded file C:\Program Files\Orcad\Layout_Plus\library\SIMM050T.llb
Mon Nov 11 07:48:44 Loaded file C:\Program Files\Orcad\Layout_Plus\library\SIMM100F.llb
Mon Nov 11 07:48:44 Loaded file C:\Program Files\Orcad\Layout_Plus\library\SIMM100T.llb
Mon Nov 11 07:48:44 Loaded file C:\Program Files\Orcad\Layout_Plus\library\SIP.llb
Mon Nov 11 07:48:44 Loaded file C:\Program Files\Orcad\Layout_Plus\library\SM.llb
Mon Nov 11 07:48:44 Loaded file C:\Program Files\Orcad\Layout_Plus\library\SOG.llb
Mon Nov 11 07:48:44 Loaded file C:\Program Files\Orcad\Layout_Plus\library\SOJ.llb
Mon Nov 11 07:48:44 Loaded file C:\Program Files\Orcad\Layout_Plus\library\STIFF.llb
Mon Nov 11 07:48:44 Loaded file C:\Program Files\Orcad\Layout_Plus\library\TELE.llb
Mon Nov 11 07:48:44 Loaded file C:\Program Files\Orcad\Layout_Plus\library\TM_AXIAL.llb
Mon Nov 11 07:48:44 Loaded file C:\Program Files\Orcad\Layout_Plus\library\TM_CAP_P.llb
Mon Nov 11 07:48:44 Loaded file C:\Program Files\Orcad\Layout_Plus\library\TM_CYLND.llb
Mon Nov 11 07:48:44 Loaded file C:\Program Files\Orcad\Layout_Plus\library\TM_DIODE.llb
Mon Nov 11 07:48:44 Loaded file C:\Program Files\Orcad\Layout_Plus\library\TM_DISC.llb
Mon Nov 11 07:48:44 Loaded file C:\Program Files\Orcad\Layout_Plus\library\TM_RAD.llb
Mon Nov 11 07:48:44 Loaded file C:\Program Files\Orcad\Layout_Plus\library\TO.llb
Mon Nov 11 07:48:44 Loaded file C:\Program Files\Orcad\Layout_Plus\library\TRAINING.LLB
Mon Nov 11 07:48:44 Loaded file C:\Program Files\Orcad\Layout_Plus\library\VRES.llb
Mon Nov 11 07:48:44 Loaded file C:\Program Files\Orcad\Layout_Plus\library\WCON100T.llb
Mon Nov 11 07:48:44 Loaded file C:\Program Files\Orcad\Layout_Plus\library\XT.llb
Mon Nov 11 07:48:44 Loaded file C:\Program Files\Orcad\Layout_Plus\library\ZIGZAG.llb
Mon Nov 11 07:48:45 Saved as file C:\USERS\SRIKA\DESKTOP\FPGA_ARREANGED\FPGA_BOARD_SCHEMATIC_LAYOUT.MAX
Mon Nov 11 07:48:45 Loaded file C:\USERS\SRIKA\DESKTOP\FPGA_ARREANGED\FPGA_BOARD_SCHEMATIC_LAYOUT.MAX
Mon Nov 11 07:59:57 Saved as file BACKUP1.MAX
Mon Nov 11 08:08:17 Saved as file ~undo.max
Mon Nov 11 08:10:27 Saved as file BACKUP1.MAX
Mon Nov 11 08:10:31 Saved as file ~undo.max
Mon Nov 11 08:11:01 Saved as file ~undo.max
Mon Nov 11 08:11:05 Saved as file ~undo.max
Mon Nov 11 08:11:36 Saved as file ~undo.max
Mon Nov 11 08:14:53 Saved as file ~undo.max
Mon Nov 11 08:15:11 Saved as file ~undo.max
Mon Nov 11 08:15:25 Saved as file ~undo.max
Mon Nov 11 08:15:28 Saved as file ~undo.max
Mon Nov 11 08:15:47 Saved as file ~undo.max
Mon Nov 11 08:15:49 Saved as file ~undo.max
Mon Nov 11 08:15:50 Saved as file ~undo.max
Mon Nov 11 08:15:50 Saved as file ~undo.max
Mon Nov 11 08:15:51 Saved as file ~undo.max
Mon Nov 11 08:18:16 Saved as file ~undo.max
Mon Nov 11 08:20:38 Saved as file ~undo.max
Mon Nov 11 08:20:57 Saved as file BACKUP1.MAX
Mon Nov 11 08:22:52 Saved as file ~undo.max
Mon Nov 11 08:22:58 Saved as file ~undo.max
Mon Nov 11 08:26:17 Saved as file ~undo.max
Mon Nov 11 08:28:00 Saved as file C:\USERS\SRIKA\DESKTOP\FPGA_ARREANGED\FPGA_BOARD_SCHEMATIC_LAYOUT.MAX
Mon Nov 11 08:41:25 Saved as file BACKUP1.MAX
Mon Nov 11 08:51:55 Saved as file BACKUP1.MAX
Mon Nov 11 09:02:25 Saved as file BACKUP1.MAX
Mon Nov 11 09:04:32 Saved as file ~undo.max
Mon Nov 11 09:08:04 Saved as file C:\USERS\SRIKA\DESKTOP\FPGA_ARREANGED\FPGA_BOARD_SCHEMATIC_LAYOUT.MAX
Mon Nov 11 09:08:05 Saved as file C:\USERS\SRIKA\DESKTOP\FPGA_ARREANGED\FPGA_BOARD_SCHEMATIC_LAYOUT.MAX
Mon Nov 11 09:08:05 Saved as file C:\USERS\SRIKA\DESKTOP\FPGA_ARREANGED\FPGA_BOARD_SCHEMATIC_LAYOUT.MAX
Mon Nov 11 09:09:21 Saved as file ~undo.max
Mon Nov 11 09:10:42 Saved as file C:\USERS\SRIKA\DESKTOP\FPGA_ARREANGED\FPGA_BOARD_SCHEMATIC_LAYOUT.MAX
Mon Nov 11 09:10:42 Saved as file C:\USERS\SRIKA\DESKTOP\FPGA_ARREANGED\FPGA_BOARD_SCHEMATIC_LAYOUT.MAX
Mon Nov 11 09:10:42 Saved as file C:\USERS\SRIKA\DESKTOP\FPGA_ARREANGED\FPGA_BOARD_SCHEMATIC_LAYOUT.MAX
Mon Nov 11 09:10:42 Saved as file C:\USERS\SRIKA\DESKTOP\FPGA_ARREANGED\FPGA_BOARD_SCHEMATIC_LAYOUT.MAX
Mon Nov 11 09:10:42 Saved as file C:\USERS\SRIKA\DESKTOP\FPGA_ARREANGED\FPGA_BOARD_SCHEMATIC_LAYOUT.MAX
Mon Nov 11 09:10:59 Saved as file C:\USERS\SRIKA\DESKTOP\FPGA_ARREANGED\FPGA_BOARD_SCHEMATIC_LAYOUT.MAX
Mon Nov 11 09:11:00 Saved as file C:\USERS\SRIKA\DESKTOP\FPGA_ARREANGED\FPGA_BOARD_SCHEMATIC_LAYOUT.MAX
Mon Nov 11 09:11:00 Saved as file C:\USERS\SRIKA\DESKTOP\FPGA_ARREANGED\FPGA_BOARD_SCHEMATIC_LAYOUT.MAX
Mon Nov 11 09:11:00 Saved as file C:\USERS\SRIKA\DESKTOP\FPGA_ARREANGED\FPGA_BOARD_SCHEMATIC_LAYOUT.MAX
Mon Nov 11 09:11:00 Saved as file C:\USERS\SRIKA\DESKTOP\FPGA_ARREANGED\FPGA_BOARD_SCHEMATIC_LAYOUT.MAX
Mon Nov 11 09:11:00 Saved as file C:\USERS\SRIKA\DESKTOP\FPGA_ARREANGED\FPGA_BOARD_SCHEMATIC_LAYOUT.MAX
Mon Nov 11 09:16:06 Saved as file ~undo.max
Mon Nov 11 09:27:27 Saved as file ~undo.max
Mon Nov 11 09:28:52 Saved as file BACKUP1.MAX
Mon Nov 11 09:30:02 Saved as file C:\USERS\SRIKA\DESKTOP\FPGA_ARREANGED\FPGA_BOARD_SCHEMATIC_LAYOUT.MAX
Mon Nov 11 09:30:02 Saved as file C:\USERS\SRIKA\DESKTOP\FPGA_ARREANGED\FPGA_BOARD_SCHEMATIC_LAYOUT.MAX
Mon Nov 11 09:30:02 Saved as file C:\USERS\SRIKA\DESKTOP\FPGA_ARREANGED\FPGA_BOARD_SCHEMATIC_LAYOUT.MAX
Mon Nov 11 09:30:02 Saved as file C:\USERS\SRIKA\DESKTOP\FPGA_ARREANGED\FPGA_BOARD_SCHEMATIC_LAYOUT.MAX
Mon Nov 11 09:30:02 Saved as file C:\USERS\SRIKA\DESKTOP\FPGA_ARREANGED\FPGA_BOARD_SCHEMATIC_LAYOUT.MAX
Mon Nov 11 09:30:03 Saved as file C:\USERS\SRIKA\DESKTOP\FPGA_ARREANGED\FPGA_BOARD_SCHEMATIC_LAYOUT.MAX
Mon Nov 11 09:39:22 Saved as file BACKUP1.MAX
Mon Nov 11 09:40:46 Saved as file C:\USERS\SRIKA\DESKTOP\FPGA_ARREANGED\FPGA_BOARD_SCHEMATIC_LAYOUT.MAX
Mon Nov 11 09:40:46 Saved as file C:\USERS\SRIKA\DESKTOP\FPGA_ARREANGED\FPGA_BOARD_SCHEMATIC_LAYOUT.MAX
Mon Nov 11 09:40:47 Saved as file C:\USERS\SRIKA\DESKTOP\FPGA_ARREANGED\FPGA_BOARD_SCHEMATIC_LAYOUT.MAX
Mon Nov 11 09:42:46 Saved as file C:\USERS\SRIKA\DESKTOP\FPGA_ARREANGED\FPGA_BOARD_SCHEMATIC_LAYOUT.MAX
Mon Nov 11 09:42:46 Saved as file C:\USERS\SRIKA\DESKTOP\FPGA_ARREANGED\FPGA_BOARD_SCHEMATIC_LAYOUT.MAX
Mon Nov 11 09:42:46 Saved as file C:\USERS\SRIKA\DESKTOP\FPGA_ARREANGED\FPGA_BOARD_SCHEMATIC_LAYOUT.MAX
Mon Nov 11 09:45:13 Saved as file C:\USERS\SRIKA\DESKTOP\FPGA_ARREANGED\FPGA_BOARD_SCHEMATIC_LAYOUT.MAX
Mon Nov 11 09:45:13 Saved as file C:\USERS\SRIKA\DESKTOP\FPGA_ARREANGED\FPGA_BOARD_SCHEMATIC_LAYOUT.MAX
Mon Nov 11 09:45:13 Saved as file C:\USERS\SRIKA\DESKTOP\FPGA_ARREANGED\FPGA_BOARD_SCHEMATIC_LAYOUT.MAX
Mon Nov 11 09:49:52 Saved as file BACKUP1.MAX
Mon Nov 11 09:54:12 Saved as file ~undo.max
Mon Nov 11 09:56:56 Saved as file ~undo.max
Mon Nov 11 09:57:14 Saved as file ~undo.max
Mon Nov 11 10:00:19 Saved as file ~undo.max
Mon Nov 11 10:00:22 Saved as file BACKUP1.MAX
Mon Nov 11 10:01:17 Saved as file C:\USERS\SRIKA\DESKTOP\FPGA_ARREANGED\FPGA_BOARD_SCHEMATIC_LAYOUT.MAX
Mon Nov 11 10:01:17 Saved as file C:\USERS\SRIKA\DESKTOP\FPGA_ARREANGED\FPGA_BOARD_SCHEMATIC_LAYOUT.MAX
Mon Nov 11 10:01:17 Saved as file C:\USERS\SRIKA\DESKTOP\FPGA_ARREANGED\FPGA_BOARD_SCHEMATIC_LAYOUT.MAX
Mon Nov 11 10:01:17 Saved as file C:\USERS\SRIKA\DESKTOP\FPGA_ARREANGED\FPGA_BOARD_SCHEMATIC_LAYOUT.MAX
Mon Nov 11 10:01:17 Saved as file C:\USERS\SRIKA\DESKTOP\FPGA_ARREANGED\FPGA_BOARD_SCHEMATIC_LAYOUT.MAX
Mon Nov 11 10:01:17 Saved as file C:\USERS\SRIKA\DESKTOP\FPGA_ARREANGED\FPGA_BOARD_SCHEMATIC_LAYOUT.MAX
Mon Nov 11 10:01:17 Saved as file C:\USERS\SRIKA\DESKTOP\FPGA_ARREANGED\FPGA_BOARD_SCHEMATIC_LAYOUT.MAX
Mon Nov 11 10:01:20 Saved as file ~undo.max
Mon Nov 11 10:01:45 Saved as file C:\USERS\SRIKA\DESKTOP\FPGA_ARREANGED\FPGA_BOARD_SCHEMATIC_LAYOUT.MAX
Mon Nov 11 10:01:45 Saved as file C:\USERS\SRIKA\DESKTOP\FPGA_ARREANGED\FPGA_BOARD_SCHEMATIC_LAYOUT.MAX
Mon Nov 11 10:01:45 Saved as file C:\USERS\SRIKA\DESKTOP\FPGA_ARREANGED\FPGA_BOARD_SCHEMATIC_LAYOUT.MAX
Mon Nov 11 10:01:45 Saved as file C:\USERS\SRIKA\DESKTOP\FPGA_ARREANGED\FPGA_BOARD_SCHEMATIC_LAYOUT.MAX
Mon Nov 11 10:01:47 Saved as file ~undo.max
Mon Nov 11 10:05:16 Saved as file C:\USERS\SRIKA\DESKTOP\FPGA_ARREANGED\FPGA_BOARD_SCHEMATIC_LAYOUT.MAX
Mon Nov 11 10:05:16 Saved as file C:\USERS\SRIKA\DESKTOP\FPGA_ARREANGED\FPGA_BOARD_SCHEMATIC_LAYOUT.MAX
Mon Nov 11 10:05:16 Saved as file C:\USERS\SRIKA\DESKTOP\FPGA_ARREANGED\FPGA_BOARD_SCHEMATIC_LAYOUT.MAX
Mon Nov 11 10:05:16 Saved as file C:\USERS\SRIKA\DESKTOP\FPGA_ARREANGED\FPGA_BOARD_SCHEMATIC_LAYOUT.MAX
Mon Nov 11 10:05:17 Saved as file C:\USERS\SRIKA\DESKTOP\FPGA_ARREANGED\FPGA_BOARD_SCHEMATIC_LAYOUT.MAX
Mon Nov 11 10:05:17 Saved as file C:\USERS\SRIKA\DESKTOP\FPGA_ARREANGED\FPGA_BOARD_SCHEMATIC_LAYOUT.MAX
Mon Nov 11 10:05:17 Saved as file C:\USERS\SRIKA\DESKTOP\FPGA_ARREANGED\FPGA_BOARD_SCHEMATIC_LAYOUT.MAX
Mon Nov 11 10:06:32 Saved as file ~undo.max
Mon Nov 11 10:10:52 Saved as file BACKUP1.MAX
Mon Nov 11 10:19:10 Saved as file C:\USERS\SRIKA\DESKTOP\FPGA_ARREANGED\FPGA_BOARD_SCHEMATIC_LAYOUT.MAX
Mon Nov 11 10:21:21 Saved as file BACKUP1.MAX
Mon Nov 11 10:22:40 Saved as file C:\USERS\SRIKA\DESKTOP\FPGA_ARREANGED\FPGA_BOARD_SCHEMATIC_LAYOUT.MAX
Mon Nov 11 10:31:17 Saved as file ~undo.max
Mon Nov 11 10:31:52 Saved as file BACKUP1.MAX
Mon Nov 11 10:42:22 Saved as file BACKUP1.MAX
Mon Nov 11 10:42:42 Saved as file ~undo.max
Mon Nov 11 10:43:38 Saved as file C:\USERS\SRIKA\DESKTOP\FPGA_ARREANGED\FPGA_BOARD_SCHEMATIC_LAYOUT.MAX
Mon Nov 11 10:49:15 Saved as file ~undo.max
Mon Nov 11 10:50:00 Saved as file ~undo.max
Mon Nov 11 10:50:57 Saved as file ~undo.max
Mon Nov 11 10:52:52 Saved as file BACKUP1.MAX
Mon Nov 11 10:59:12 Saved as file C:\USERS\SRIKA\DESKTOP\FPGA_ARREANGED\FPGA_BOARD_SCHEMATIC_LAYOUT.MAX
Mon Nov 11 11:01:20 Saved as file C:\USERS\SRIKA\DESKTOP\FPGA_ARREANGED\FPGA_BOARD_SCHEMATIC_LAYOUT.MAX
Mon Nov 11 11:01:22 Saved as file C:\USERS\SRIKA\DESKTOP\FPGA_ARREANGED\FPGA_BOARD_SCHEMATIC_LAYOUT.MAX
Mon Nov 11 11:01:25 Saved as file C:\USERS\SRIKA\DESKTOP\FPGA_ARREANGED\FPGA_BOARD_SCHEMATIC_LAYOUT.MAX
Mon Nov 11 11:01:42 Saved as file C:\USERS\SRIKA\DESKTOP\FPGA_ARREANGED\FPGA_BOARD_SCHEMATIC_LAYOUT.MAX
Mon Nov 11 11:24:10 Saved as file ~undo.max
Mon Nov 11 11:30:06 Saved as file ~undo.max
Mon Nov 11 11:30:15 Saved as file ~undo.max
Mon Nov 11 11:30:51 Saved as file BACKUP1.MAX
Mon Nov 11 11:36:12 Saved as file C:\USERS\SRIKA\DESKTOP\FPGA_ARREANGED\FPGA_BOARD_SCHEMATIC_LAYOUT.MAX
Mon Nov 11 11:37:55 Saved as file ~undo.max
Mon Nov 11 11:38:14 Saved as file ~undo.max
Mon Nov 11 11:40:31 Saved as file ~undo.max
Mon Nov 11 11:40:34 Saved as file ~undo.max
Mon Nov 11 11:41:00 Saved as file ~undo.max
Mon Nov 11 11:41:21 Saved as file BACKUP1.MAX
Mon Nov 11 11:42:15 Saved as file ~undo.max
Mon Nov 11 11:49:29 Saved as file ~undo.max
Mon Nov 11 11:49:30 Saved as file ~undo.max
Mon Nov 11 11:49:38 Saved as file ~undo.max
Mon Nov 11 11:49:39 Saved as file ~undo.max
Mon Nov 11 11:51:51 Saved as file BACKUP1.MAX
Mon Nov 11 11:52:24 Saved as file ~undo.max
Mon Nov 11 11:55:10 Saved as file ~undo.max
Mon Nov 11 11:57:53 Saved as file ~undo.max
Mon Nov 11 11:57:56 Saved as file ~undo.max
Mon Nov 11 12:02:21 Saved as file BACKUP1.MAX
Mon Nov 11 12:02:52 Saved as file C:\USERS\SRIKA\DESKTOP\FPGA_ARREANGED\FPGA_BOARD_SCHEMATIC_LAYOUT.MAX
Mon Nov 11 12:05:11 Saved as file ~undo.max
Mon Nov 11 12:05:24 Saved as file ~undo.max
Mon Nov 11 12:09:17 Saved as file ~undo.max
Mon Nov 11 12:09:46 Saved as file ~undo.max
Mon Nov 11 12:10:56 Saved as file ~undo.max
Mon Nov 11 12:11:02 Saved as file ~undo.max
Mon Nov 11 12:11:10 Saved as file ~undo.max
Mon Nov 11 12:11:51 Saved as file ~undo.max
Mon Nov 11 12:12:51 Saved as file BACKUP1.MAX
Mon Nov 11 12:18:02 Saved as file ~undo.max
Mon Nov 11 12:23:21 Saved as file BACKUP1.MAX
Mon Nov 11 12:26:43 Saved as file C:\USERS\SRIKA\DESKTOP\FPGA_ARREANGED\FPGA_BOARD_SCHEMATIC_LAYOUT.MAX
Mon Nov 11 12:26:45 Saved as file C:\USERS\SRIKA\DESKTOP\FPGA_ARREANGED\FPGA_BOARD_SCHEMATIC_LAYOUT.MAX
Mon Nov 11 12:32:21 Saved as file ~undo.max
Mon Nov 11 12:33:28 Saved as file ~undo.max
Mon Nov 11 12:33:51 Saved as file BACKUP1.MAX
Mon Nov 11 12:35:55 Saved as file ~undo.max
Mon Nov 11 12:36:27 Saved as file ~undo.max
Mon Nov 11 12:37:44 Saved as file C:\USERS\SRIKA\DESKTOP\FPGA_ARREANGED\FPGA_BOARD_SCHEMATIC_LAYOUT.MAX
Mon Nov 11 12:38:57 Saved as file ~undo.max
Mon Nov 11 12:39:20 Saved as file ~undo.max
Mon Nov 11 12:44:21 Saved as file BACKUP1.MAX
Mon Nov 11 12:48:55 Saved as file ~undo.max
Mon Nov 11 12:48:57 Saved as file C:\USERS\SRIKA\DESKTOP\FPGA_ARREANGED\FPGA_BOARD_SCHEMATIC_LAYOUT.MAX
Mon Nov 11 12:52:34 Saved as file ~undo.max
Mon Nov 11 12:55:21 Saved as file BACKUP1.MAX
Mon Nov 11 12:55:35 Saved as file ~undo.max
Mon Nov 11 12:55:56 Saved as file ~undo.max
Mon Nov 11 12:56:19 Saved as file ~undo.max
Mon Nov 11 12:56:20 Saved as file ~undo.max
Mon Nov 11 12:56:20 Saved as file ~undo.max
Mon Nov 11 12:56:20 Saved as file ~undo.max
Mon Nov 11 12:56:47 Saved as file ~undo.max
Mon Nov 11 12:56:49 Saved as file ~undo.max
Mon Nov 11 12:57:01 Saved as file ~undo.max
Mon Nov 11 12:58:30 Saved as file ~undo.max
Mon Nov 11 12:59:03 Saved as file ~undo.max
Mon Nov 11 12:59:21 Saved as file ~undo.max
Mon Nov 11 13:01:38 Saved as file ~undo.max
Mon Nov 11 13:02:16 Saved as file C:\USERS\SRIKA\DESKTOP\FPGA_ARREANGED\FPGA_BOARD_SCHEMATIC_LAYOUT.MAX
Mon Nov 11 13:02:16 Saved as file C:\USERS\SRIKA\DESKTOP\FPGA_ARREANGED\FPGA_BOARD_SCHEMATIC_LAYOUT.MAX
Mon Nov 11 13:02:17 Saved as file ~undo.max
Mon Nov 11 13:03:06 Saved as file ~undo.max
Mon Nov 11 13:03:50 Saved as file ~undo.max
Mon Nov 11 13:03:52 Saved as file C:\USERS\SRIKA\DESKTOP\FPGA_ARREANGED\FPGA_BOARD_SCHEMATIC_LAYOUT.MAX
Mon Nov 11 13:05:47 Saved as file ~undo.max
Mon Nov 11 13:05:51 Saved as file BACKUP1.MAX
Mon Nov 11 13:07:12 Saved as file C:\USERS\SRIKA\DESKTOP\FPGA_ARREANGED\FPGA_BOARD_SCHEMATIC_LAYOUT.MAX
Mon Nov 11 13:12:36 Saved as file ~undo.max
Mon Nov 11 13:13:29 Saved as file ~undo.max
Mon Nov 11 13:14:48 Saved as file ~undo.max
Mon Nov 11 13:16:21 Saved as file BACKUP1.MAX
Mon Nov 11 13:16:53 Saved as file ~undo.max
Mon Nov 11 13:21:41 Saved as file C:\USERS\SRIKA\DESKTOP\FPGA_ARREANGED\FPGA_BOARD_SCHEMATIC_LAYOUT.MAX
Mon Nov 11 13:24:11 Saved as file ~undo.max
Mon Nov 11 13:26:25 Saved as file ~undo.max
Mon Nov 11 13:26:49 Saved as file C:\USERS\SRIKA\DESKTOP\FPGA_ARREANGED\FPGA_BOARD_SCHEMATIC_LAYOUT.MAX
Mon Nov 11 13:26:51 Saved as file BACKUP1.MAX
Mon Nov 11 13:27:27 Saved as file ~undo.max
Mon Nov 11 13:28:57 Saved as file ~undo.max
Mon Nov 11 13:29:49 Saved as file ~undo.max
Mon Nov 11 13:29:53 Saved as file C:\USERS\SRIKA\DESKTOP\FPGA_ARREANGED\FPGA_BOARD_SCHEMATIC_LAYOUT.MAX
Mon Nov 11 13:32:43 Saved as file ~undo.max
Mon Nov 11 13:36:41 Saved as file ~undo.max
Mon Nov 11 13:36:51 Saved as file BACKUP1.MAX
Mon Nov 11 13:38:09 Saved as file ~undo.max
Mon Nov 11 13:38:11 Saved as file ~undo.max
Mon Nov 11 13:38:12 Saved as file ~undo.max
Mon Nov 11 13:38:12 Saved as file ~undo.max
Mon Nov 11 13:38:37 Saved as file ~undo.max
Mon Nov 11 13:38:39 Saved as file ~undo.max
Mon Nov 11 13:38:42 Saved as file ~undo2.max
Mon Nov 11 13:38:42 Loaded file ~undo.max
Mon Nov 11 13:38:55 Saved as file ~undo.max
Mon Nov 11 13:40:20 Saved as file ~undo.max
Mon Nov 11 13:40:42 Saved as file C:\USERS\SRIKA\DESKTOP\FPGA_ARREANGED\FPGA_BOARD_SCHEMATIC_LAYOUT.MAX
Mon Nov 11 13:40:43 Saved as file ~undo.max
Mon Nov 11 13:42:28 Saved as file ~undo.max
Mon Nov 11 13:45:06 Saved as file ~undo.max
Mon Nov 11 13:45:43 Saved as file ~undo.max
Mon Nov 11 13:46:31 Saved as file ~undo.max
Mon Nov 11 13:47:07 Saved as file ~undo.max
Mon Nov 11 13:47:21 Saved as file BACKUP1.MAX
Mon Nov 11 13:47:41 Saved as file ~undo.max
Mon Nov 11 13:48:04 Saved as file C:\USERS\SRIKA\DESKTOP\FPGA_ARREANGED\FPGA_BOARD_SCHEMATIC_LAYOUT.MAX
Mon Nov 11 13:48:14 Saved as file ~undo.max
Mon Nov 11 13:48:37 Saved as file ~undo.max
Mon Nov 11 13:48:46 Saved as file ~undo.max
Mon Nov 11 13:48:59 Saved as file ~undo.max
Mon Nov 11 13:49:03 Saved as file ~undo.max
Mon Nov 11 13:49:48 Saved as file ~undo.max
Mon Nov 11 13:49:58 Saved as file ~undo.max
Mon Nov 11 13:50:09 Saved as file ~undo.max
Mon Nov 11 13:50:15 Saved as file ~undo.max
Mon Nov 11 13:50:19 Saved as file ~undo.max
Mon Nov 11 13:50:55 Saved as file ~undo.max
Mon Nov 11 13:51:43 Saved as file ~undo.max
Mon Nov 11 13:52:02 Saved as file ~undo.max
Mon Nov 11 13:52:10 Saved as file C:\USERS\SRIKA\DESKTOP\FPGA_ARREANGED\FPGA_BOARD_SCHEMATIC_LAYOUT.MAX
Mon Nov 11 13:54:07 Saved as file ~undo.max
Mon Nov 11 13:54:10 Saved as file C:\USERS\SRIKA\DESKTOP\FPGA_ARREANGED\FPGA_BOARD_SCHEMATIC_LAYOUT.MAX
Mon Nov 11 14:10:29 Saved as file BACKUP1.MAX
Mon Nov 11 14:10:29 Saved as file C:\USERS\ASHU\DESKTOP\FPGA_ARREANGED\FPGA_BOARD_SCHEMATIC_LAYOUT.MAX
Mon Nov 11 14:10:30 UserDiv from Layout.INI for AutoECO: 60
Mon Nov 11 14:10:30 Loaded file E:\SEM 5\PCB\ESD17I012_ORCAD\POWER_CIRCUIT_ 21TH SEPT\FOOTPRINT_21_SEP.LLB
Mon Nov 11 14:10:30 Loaded file E:\SEM 5\PCB\FINAL\ASSINGMENT 21TH SEPT\FOOTPRINT_21_SEP.LLB
Mon Nov 11 14:10:30 Loaded file E:\SEM 5\PCB\FINAL\SCHEMATIC 21TH SEPT\FOOTPRINT_21_SEP.LLB
Mon Nov 11 14:10:30 Loaded file C:\Program Files\Orcad\Layout_Plus\library\BCON100T.llb
Mon Nov 11 14:10:30 Loaded file C:\Program Files\Orcad\Layout_Plus\library\BCON156T.llb
Mon Nov 11 14:10:30 Loaded file C:\Program Files\Orcad\Layout_Plus\library\BGA.llb
Mon Nov 11 14:10:30 Loaded file C:\Program Files\Orcad\Layout_Plus\library\CLCC.llb
Mon Nov 11 14:10:30 Loaded file C:\Program Files\Orcad\Layout_Plus\library\DCON050T.llb
Mon Nov 11 14:10:30 Loaded file C:\Program Files\Orcad\Layout_Plus\library\DCON085T.llb
Mon Nov 11 14:10:30 Loaded file C:\Program Files\Orcad\Layout_Plus\library\DIMM050F.llb
Mon Nov 11 14:10:30 Loaded file C:\Program Files\Orcad\Layout_Plus\library\DIMM050T.llb
Mon Nov 11 14:10:30 Loaded file C:\Program Files\Orcad\Layout_Plus\library\DIN.llb
Mon Nov 11 14:10:30 Loaded file C:\Program Files\Orcad\Layout_Plus\library\DIP100B.llb
Mon Nov 11 14:10:30 Loaded file C:\Program Files\Orcad\Layout_Plus\library\DIP100T.llb
Mon Nov 11 14:10:30 Loaded file C:\Program Files\Orcad\Layout_Plus\library\DSUBT.llb
Mon Nov 11 14:10:30 Loaded file C:\Program Files\Orcad\Layout_Plus\library\DSUBT_HD.LLB
Mon Nov 11 14:10:30 Loaded file C:\Program Files\Orcad\Layout_Plus\library\ECON100T.llb
Mon Nov 11 14:10:30 Loaded file C:\Program Files\Orcad\Layout_Plus\library\FBUS.llb
Mon Nov 11 14:10:30 Loaded file C:\Program Files\Orcad\Layout_Plus\library\ISA.llb
Mon Nov 11 14:10:30 Loaded file C:\Program Files\Orcad\Layout_Plus\library\JUMPER.LLB
Mon Nov 11 14:10:30 Loaded file C:\Program Files\Orcad\Layout_Plus\library\LAYOUT.llb
Mon Nov 11 14:10:30 Loaded file C:\Program Files\Orcad\Layout_Plus\library\LCON100T.llb
Mon Nov 11 14:10:30 Loaded file C:\Program Files\Orcad\Layout_Plus\library\PC104.llb
Mon Nov 11 14:10:30 Loaded file C:\Program Files\Orcad\Layout_Plus\library\PCI.llb
Mon Nov 11 14:10:30 Loaded file C:\Program Files\Orcad\Layout_Plus\library\PCON100T.llb
Mon Nov 11 14:10:30 Loaded file C:\Program Files\Orcad\Layout_Plus\library\PCON156T.llb
Mon Nov 11 14:10:30 Loaded file C:\Program Files\Orcad\Layout_Plus\library\PGA.llb
Mon Nov 11 14:10:31 Loaded file C:\Program Files\Orcad\Layout_Plus\library\PLCC.llb
Mon Nov 11 14:10:31 Loaded file C:\Program Files\Orcad\Layout_Plus\library\QUAD.llb
Mon Nov 11 14:10:31 Loaded file C:\Program Files\Orcad\Layout_Plus\library\QUADB.llb
Mon Nov 11 14:10:31 Loaded file C:\Program Files\Orcad\Layout_Plus\library\RELAY.llb
Mon Nov 11 14:10:31 Loaded file C:\Program Files\Orcad\Layout_Plus\library\RF.llb
Mon Nov 11 14:10:31 Loaded file C:\Program Files\Orcad\Layout_Plus\library\SBUS.llb
Mon Nov 11 14:10:31 Loaded file C:\Program Files\Orcad\Layout_Plus\library\SIMM050F.llb
Mon Nov 11 14:10:31 Loaded file C:\Program Files\Orcad\Layout_Plus\library\SIMM050T.llb
Mon Nov 11 14:10:31 Loaded file C:\Program Files\Orcad\Layout_Plus\library\SIMM100F.llb
Mon Nov 11 14:10:31 Loaded file C:\Program Files\Orcad\Layout_Plus\library\SIMM100T.llb
Mon Nov 11 14:10:31 Loaded file C:\Program Files\Orcad\Layout_Plus\library\SIP.llb
Mon Nov 11 14:10:31 Loaded file C:\Program Files\Orcad\Layout_Plus\library\SM.llb
Mon Nov 11 14:10:31 Loaded file C:\Program Files\Orcad\Layout_Plus\library\SOG.llb
Mon Nov 11 14:10:31 Loaded file C:\Program Files\Orcad\Layout_Plus\library\SOJ.llb
Mon Nov 11 14:10:31 Loaded file C:\Program Files\Orcad\Layout_Plus\library\STIFF.llb
Mon Nov 11 14:10:31 Loaded file C:\Program Files\Orcad\Layout_Plus\library\TELE.llb
Mon Nov 11 14:10:31 Loaded file C:\Program Files\Orcad\Layout_Plus\library\TM_AXIAL.llb
Mon Nov 11 14:10:31 Loaded file C:\Program Files\Orcad\Layout_Plus\library\TM_CAP_P.llb
Mon Nov 11 14:10:31 Loaded file C:\Program Files\Orcad\Layout_Plus\library\TM_CYLND.llb
Mon Nov 11 14:10:31 Loaded file C:\Program Files\Orcad\Layout_Plus\library\TM_DIODE.llb
Mon Nov 11 14:10:31 Loaded file C:\Program Files\Orcad\Layout_Plus\library\TM_DISC.llb
Mon Nov 11 14:10:31 Loaded file C:\Program Files\Orcad\Layout_Plus\library\TM_RAD.llb
Mon Nov 11 14:10:31 Loaded file C:\Program Files\Orcad\Layout_Plus\library\TO.llb
Mon Nov 11 14:10:31 Loaded file C:\Program Files\Orcad\Layout_Plus\library\TRAINING.LLB
Mon Nov 11 14:10:31 Loaded file C:\Program Files\Orcad\Layout_Plus\library\VRES.llb
Mon Nov 11 14:10:31 Loaded file C:\Program Files\Orcad\Layout_Plus\library\WCON100T.llb
Mon Nov 11 14:10:31 Loaded file C:\Program Files\Orcad\Layout_Plus\library\XT.llb
Mon Nov 11 14:10:31 Loaded file C:\Program Files\Orcad\Layout_Plus\library\ZIGZAG.llb
Mon Nov 11 14:10:32 Saved as file C:\USERS\ASHU\DESKTOP\FPGA_ARREANGED\FPGA_BOARD_SCHEMATIC_LAYOUT.MAX
Mon Nov 11 14:10:33 Loaded file C:\USERS\ASHU\DESKTOP\FPGA_ARREANGED\FPGA_BOARD_SCHEMATIC_LAYOUT.MAX
Mon Nov 11 14:20:30 Saved as file BACKUP1.MAX
Mon Nov 11 14:31:00 Saved as file BACKUP1.MAX
Mon Nov 11 14:41:30 Saved as file BACKUP1.MAX
Mon Nov 11 14:52:00 Saved as file BACKUP1.MAX
Mon Nov 11 15:02:00 Saved as file BACKUP1.MAX
Mon Nov 11 15:12:00 Saved as file BACKUP1.MAX
Mon Nov 11 15:22:30 Saved as file BACKUP1.MAX
Mon Nov 11 15:32:30 Saved as file BACKUP1.MAX
Mon Nov 11 15:43:00 Saved as file BACKUP1.MAX
Mon Nov 11 18:50:24 Saved as file BACKUP1.MAX
Mon Nov 11 19:50:19 Saved as file BACKUP1.MAX
Mon Nov 11 20:00:18 Saved as file BACKUP1.MAX
Mon Nov 11 20:36:07 Saved as file BACKUP1.MAX
Fri Nov 29 11:14:55 Saved as file BACKUP1.MAX
Fri Nov 29 11:14:55 Saved as file F:\SEM-5\PCB_PROJECT\FPGA\FPGA_SHOWN\FPGA_BOARD_SCHEMATIC_LAYOUT.MAX
Fri Nov 29 11:14:57 UserDiv from Layout.INI for AutoECO: 60
Fri Nov 29 11:14:57 Loaded file F:\SEM-5\PCB_PROJECT\FPGA\FPGA_SHOWN\FPGA_BOARD_SCHEMATIC_LAYOUT.MAX
Fri Nov 29 11:14:57 Loaded file F:\SEM-5\FPGA\PCB_PROJECT_FOOTPRINT_LIBRARY.LLB
Fri Nov 29 11:14:57 Loaded file C:\Program Files\Orcad\Layout_Plus\library\BCON100T.llb
Fri Nov 29 11:14:57 Loaded file C:\Program Files\Orcad\Layout_Plus\library\BCON156T.llb
Fri Nov 29 11:14:57 Loaded file C:\Program Files\Orcad\Layout_Plus\library\BGA.llb
Fri Nov 29 11:14:57 Loaded file C:\Program Files\Orcad\Layout_Plus\library\CLCC.llb
Fri Nov 29 11:14:57 Loaded file C:\Program Files\Orcad\Layout_Plus\library\DCON050T.llb
Fri Nov 29 11:14:57 Loaded file C:\Program Files\Orcad\Layout_Plus\library\DCON085T.llb
Fri Nov 29 11:14:57 Loaded file C:\Program Files\Orcad\Layout_Plus\library\DIMM050F.llb
Fri Nov 29 11:14:57 Loaded file C:\Program Files\Orcad\Layout_Plus\library\DIMM050T.llb
Fri Nov 29 11:14:57 Loaded file C:\Program Files\Orcad\Layout_Plus\library\DIN.llb
Fri Nov 29 11:14:57 Loaded file C:\Program Files\Orcad\Layout_Plus\library\DIP100B.llb
Fri Nov 29 11:14:57 Loaded file C:\Program Files\Orcad\Layout_Plus\library\DIP100T.llb
Fri Nov 29 11:14:57 Loaded file C:\Program Files\Orcad\Layout_Plus\library\DSUBT.llb
Fri Nov 29 11:14:57 Loaded file C:\Program Files\Orcad\Layout_Plus\library\DSUBT_HD.LLB
Fri Nov 29 11:14:57 Loaded file C:\Program Files\Orcad\Layout_Plus\library\ECON100T.llb
Fri Nov 29 11:14:57 Loaded file C:\Program Files\Orcad\Layout_Plus\library\FBUS.llb
Fri Nov 29 11:14:57 Loaded file C:\Program Files\Orcad\Layout_Plus\library\ISA.llb
Fri Nov 29 11:14:57 Loaded file C:\Program Files\Orcad\Layout_Plus\library\JUMPER.LLB
Fri Nov 29 11:14:57 Loaded file C:\Program Files\Orcad\Layout_Plus\library\LAYOUT.llb
Fri Nov 29 11:14:57 Loaded file C:\Program Files\Orcad\Layout_Plus\library\LCON100T.llb
Fri Nov 29 11:14:57 Loaded file C:\Program Files\Orcad\Layout_Plus\library\PC104.llb
Fri Nov 29 11:14:57 Loaded file C:\Program Files\Orcad\Layout_Plus\library\PCI.llb
Fri Nov 29 11:14:57 Loaded file C:\Program Files\Orcad\Layout_Plus\library\PCON100T.llb
Fri Nov 29 11:14:57 Loaded file C:\Program Files\Orcad\Layout_Plus\library\PCON156T.llb
Fri Nov 29 11:14:57 Loaded file C:\Program Files\Orcad\Layout_Plus\library\PGA.llb
Fri Nov 29 11:14:57 Loaded file C:\Program Files\Orcad\Layout_Plus\library\PLCC.llb
Fri Nov 29 11:14:58 Loaded file C:\Program Files\Orcad\Layout_Plus\library\QUAD.llb
Fri Nov 29 11:14:58 Loaded file C:\Program Files\Orcad\Layout_Plus\library\QUADB.llb
Fri Nov 29 11:14:58 Loaded file C:\Program Files\Orcad\Layout_Plus\library\RELAY.llb
Fri Nov 29 11:14:58 Loaded file C:\Program Files\Orcad\Layout_Plus\library\RF.llb
Fri Nov 29 11:14:58 Loaded file C:\Program Files\Orcad\Layout_Plus\library\SBUS.llb
Fri Nov 29 11:14:58 Loaded file C:\Program Files\Orcad\Layout_Plus\library\SIMM050F.llb
Fri Nov 29 11:14:58 Loaded file C:\Program Files\Orcad\Layout_Plus\library\SIMM050T.llb
Fri Nov 29 11:14:58 Loaded file C:\Program Files\Orcad\Layout_Plus\library\SIMM100F.llb
Fri Nov 29 11:14:58 Loaded file C:\Program Files\Orcad\Layout_Plus\library\SIMM100T.llb
Fri Nov 29 11:14:58 Loaded file C:\Program Files\Orcad\Layout_Plus\library\SIP.llb
Fri Nov 29 11:14:58 Loaded file C:\Program Files\Orcad\Layout_Plus\library\SM.llb
Fri Nov 29 11:14:58 Loaded file C:\Program Files\Orcad\Layout_Plus\library\SOG.llb
Fri Nov 29 11:14:58 Loaded file C:\Program Files\Orcad\Layout_Plus\library\SOJ.llb
Fri Nov 29 11:14:58 Loaded file C:\Program Files\Orcad\Layout_Plus\library\STIFF.llb
Fri Nov 29 11:14:58 Loaded file C:\Program Files\Orcad\Layout_Plus\library\TELE.llb
Fri Nov 29 11:14:58 Loaded file C:\Program Files\Orcad\Layout_Plus\library\TM_AXIAL.llb
Fri Nov 29 11:14:58 Loaded file C:\Program Files\Orcad\Layout_Plus\library\TM_CAP_P.llb
Fri Nov 29 11:14:58 Loaded file C:\Program Files\Orcad\Layout_Plus\library\TM_CYLND.llb
Fri Nov 29 11:14:58 Loaded file C:\Program Files\Orcad\Layout_Plus\library\TM_DIODE.llb
Fri Nov 29 11:14:58 Loaded file C:\Program Files\Orcad\Layout_Plus\library\TM_DISC.llb
Fri Nov 29 11:14:58 Loaded file C:\Program Files\Orcad\Layout_Plus\library\TM_RAD.llb
Fri Nov 29 11:14:58 Loaded file C:\Program Files\Orcad\Layout_Plus\library\TO.llb
Fri Nov 29 11:14:58 Loaded file C:\Program Files\Orcad\Layout_Plus\library\TRAINING.LLB
Fri Nov 29 11:14:58 Loaded file C:\Program Files\Orcad\Layout_Plus\library\VRES.llb
Fri Nov 29 11:14:58 Loaded file C:\Program Files\Orcad\Layout_Plus\library\WCON100T.llb
Fri Nov 29 11:14:58 Loaded file C:\Program Files\Orcad\Layout_Plus\library\XT.llb
Fri Nov 29 11:14:58 Loaded file C:\Program Files\Orcad\Layout_Plus\library\ZIGZAG.llb
Fri Nov 29 11:14:59 Saved as file F:\SEM-5\PCB_PROJECT\FPGA\FPGA_SHOWN\FPGA_BOARD_SCHEMATIC_LAYOUT.MAX
Fri Nov 29 11:15:00 Loaded file F:\SEM-5\PCB_PROJECT\FPGA\FPGA_SHOWN\FPGA_BOARD_SCHEMATIC_LAYOUT.MAX
Fri Nov 29 11:25:10 Saved as file BACKUP1.MAX
Fri Nov 29 11:35:38 Saved as file BACKUP1.MAX
Fri Nov 29 11:42:39 Saved as file F:\SEM-5\PCB_PROJECT\FPGA\FPGA_SHOWN\FPGA_BOARD_SCHEMATIC_LAYOUT.MAX
Fri Nov 29 11:46:08 Saved as file BACKUP1.MAX
Fri Nov 29 11:51:03 Saved as file ~undo.max
Fri Nov 29 11:52:06 Saved as file F:\SEM-5\PCB_PROJECT\FPGA\FPGA_SHOWN\FPGA_BOARD_SCHEMATIC_LAYOUT.MAX
Fri Nov 29 11:56:09 Saved as file BACKUP1.MAX
Fri Nov 29 11:57:39 Saved as file ~undo.max
Fri Nov 29 12:02:31 Saved as file F:\SEM-5\PCB_PROJECT\FPGA\FPGA_SHOWN\FPGA_BOARD_SCHEMATIC_LAYOUT.MAX
Fri Nov 29 12:02:53 Saved as file F:\SEM-5\PCB_PROJECT\FPGA\FPGA_SHOWN\FPGA_BOARD_SCHEMATIC_LAYOUT.MAX
Fri Nov 29 12:02:54 Saved as file F:\SEM-5\PCB_PROJECT\FPGA\FPGA_SHOWN\FPGA_BOARD_SCHEMATIC_LAYOUT.MAX
Fri Nov 29 12:02:54 Saved as file F:\SEM-5\PCB_PROJECT\FPGA\FPGA_SHOWN\FPGA_BOARD_SCHEMATIC_LAYOUT.MAX
Fri Nov 29 12:03:51 Saved as file F:\SEM-5\PCB_PROJECT\FPGA\FPGA_SHOWN\FPGA_BOARD_SCHEMATIC_LAYOUT.MAX
Fri Nov 29 12:03:51 Saved as file F:\SEM-5\PCB_PROJECT\FPGA\FPGA_SHOWN\FPGA_BOARD_SCHEMATIC_LAYOUT.MAX
Fri Nov 29 12:03:51 Saved as file F:\SEM-5\PCB_PROJECT\FPGA\FPGA_SHOWN\FPGA_BOARD_SCHEMATIC_LAYOUT.MAX
Fri Nov 29 12:03:51 Saved as file F:\SEM-5\PCB_PROJECT\FPGA\FPGA_SHOWN\FPGA_BOARD_SCHEMATIC_LAYOUT.MAX
Fri Nov 29 12:03:51 Saved as file F:\SEM-5\PCB_PROJECT\FPGA\FPGA_SHOWN\FPGA_BOARD_SCHEMATIC_LAYOUT.MAX
Fri Nov 29 12:03:51 Saved as file F:\SEM-5\PCB_PROJECT\FPGA\FPGA_SHOWN\FPGA_BOARD_SCHEMATIC_LAYOUT.MAX
Fri Nov 29 12:06:09 Saved as file BACKUP1.MAX
Fri Nov 29 12:07:52 Saved as file F:\SEM-5\PCB_PROJECT\FPGA\FPGA_SHOWN\FPGA_BOARD_SCHEMATIC_LAYOUT.MAX
Fri Nov 29 12:07:52 Saved as file F:\SEM-5\PCB_PROJECT\FPGA\FPGA_SHOWN\FPGA_BOARD_SCHEMATIC_LAYOUT.MAX
Fri Nov 29 12:07:52 Saved as file F:\SEM-5\PCB_PROJECT\FPGA\FPGA_SHOWN\FPGA_BOARD_SCHEMATIC_LAYOUT.MAX
Fri Nov 29 12:08:36 Loaded file F:\SEM-5\FPGA\PCB_PROJECT_FOOTPRINT_LIBRARY.LLB
Fri Nov 29 12:08:39 Loaded file F:\SEM-5\PCB_PROJECT\FPGA\FPGA_SHOWN\PCB_PROJECT_FOOTPRINT_LIBRARY.LLB
Fri Nov 29 12:08:53 Loaded file C:\Program Files\Orcad\Layout_Plus\data\template.imp
Fri Nov 29 12:12:40 Loaded file F:\SEM-5\PCB_PROJECT\FPGA\FPGA_SHOWN\PCB_PROJECT_FOOTPRINT_LIBRARY.LLB
Fri Nov 29 12:12:40 Saved as file F:\SEM-5\PCB_PROJECT\FPGA\FPGA_SHOWN\PCB_PROJECT_FOOTPRINT_LIBRARY.LLB
Fri Nov 29 12:13:10 Loaded file F:\SEM-5\PCB_PROJECT\FPGA\FPGA_SHOWN\PCB_PROJECT_FOOTPRINT_LIBRARY.LLB
Fri Nov 29 12:13:14 Loaded file C:\Program Files\Orcad\Layout_Plus\data\template.imp
Fri Nov 29 12:14:06 Loaded file C:\Program Files\Orcad\Layout_Plus\data\template.imp
Fri Nov 29 12:14:06 Loaded file C:\Program Files\Orcad\Layout_Plus\data\template.imp
Fri Nov 29 12:14:08 Loaded file F:\SEM-5\PCB_PROJECT\FPGA\FPGA_SHOWN\PCB_PROJECT_FOOTPRINT_LIBRARY.LLB
Fri Nov 29 12:14:11 Loaded file C:\Program Files\Orcad\Layout_Plus\data\template.imp
Fri Nov 29 12:14:11 Loaded file C:\Program Files\Orcad\Layout_Plus\data\template.imp
Fri Nov 29 12:15:18 Loaded file C:\Program Files\Orcad\Layout_Plus\data\template.imp
Fri Nov 29 12:15:18 Loaded file C:\Program Files\Orcad\Layout_Plus\data\template.imp
Fri Nov 29 12:15:21 Loaded file F:\SEM-5\PCB_PROJECT\FPGA\FPGA_SHOWN\PCB_PROJECT_FOOTPRINT_LIBRARY.LLB
Fri Nov 29 12:15:23 Loaded file C:\Program Files\Orcad\Layout_Plus\data\template.imp
Fri Nov 29 12:17:39 Saved as file BACKUP1.MAX
Fri Nov 29 12:18:47 Saved as file F:\SEM-5\PCB_PROJECT\FPGA\FPGA_SHOWN\FPGA_BOARD_SCHEMATIC_LAYOUT.MAX
Fri Nov 29 12:18:47 Saved as file F:\SEM-5\PCB_PROJECT\FPGA\FPGA_SHOWN\FPGA_BOARD_SCHEMATIC_LAYOUT.MAX
Fri Nov 29 12:18:47 Saved as file F:\SEM-5\PCB_PROJECT\FPGA\FPGA_SHOWN\FPGA_BOARD_SCHEMATIC_LAYOUT.MAX
Fri Nov 29 12:19:39 Saved as file F:\SEM-5\PCB_PROJECT\FPGA\FPGA_SHOWN\FPGA_BOARD_SCHEMATIC_LAYOUT.MAX
Fri Nov 29 12:19:39 Saved as file F:\SEM-5\PCB_PROJECT\FPGA\FPGA_SHOWN\FPGA_BOARD_SCHEMATIC_LAYOUT.MAX
Fri Nov 29 12:19:39 Saved as file F:\SEM-5\PCB_PROJECT\FPGA\FPGA_SHOWN\FPGA_BOARD_SCHEMATIC_LAYOUT.MAX
Fri Nov 29 12:19:39 Saved as file F:\SEM-5\PCB_PROJECT\FPGA\FPGA_SHOWN\FPGA_BOARD_SCHEMATIC_LAYOUT.MAX
Fri Nov 29 12:19:40 Saved as file F:\SEM-5\PCB_PROJECT\FPGA\FPGA_SHOWN\FPGA_BOARD_SCHEMATIC_LAYOUT.MAX
Fri Nov 29 12:28:00 Saved as file F:\SEM-5\PCB_PROJECT\FPGA\FPGA_SHOWN\FPGA_BOARD_SCHEMATIC_LAYOUT.MAX
Fri Nov 29 12:28:00 Saved as file F:\SEM-5\PCB_PROJECT\FPGA\FPGA_SHOWN\FPGA_BOARD_SCHEMATIC_LAYOUT.MAX
Fri Nov 29 12:28:00 Saved as file F:\SEM-5\PCB_PROJECT\FPGA\FPGA_SHOWN\FPGA_BOARD_SCHEMATIC_LAYOUT.MAX
Fri Nov 29 12:28:00 Saved as file F:\SEM-5\PCB_PROJECT\FPGA\FPGA_SHOWN\FPGA_BOARD_SCHEMATIC_LAYOUT.MAX
Fri Nov 29 12:28:04 Saved as file BACKUP1.MAX
Fri Nov 29 12:29:00 Saved as file F:\SEM-5\PCB_PROJECT\FPGA\FPGA_SHOWN\FPGA_BOARD_SCHEMATIC_LAYOUT.MAX
Fri Nov 29 12:29:01 Saved as file F:\SEM-5\PCB_PROJECT\FPGA\FPGA_SHOWN\FPGA_BOARD_SCHEMATIC_LAYOUT.MAX
Fri Nov 29 12:29:01 Saved as file F:\SEM-5\PCB_PROJECT\FPGA\FPGA_SHOWN\FPGA_BOARD_SCHEMATIC_LAYOUT.MAX
Fri Nov 29 12:29:13 Saved as file F:\SEM-5\PCB_PROJECT\FPGA\FPGA_SHOWN\FPGA_BOARD_SCHEMATIC_LAYOUT.MAX
Fri Nov 29 12:29:14 Saved as file F:\SEM-5\PCB_PROJECT\FPGA\FPGA_SHOWN\FPGA_BOARD_SCHEMATIC_LAYOUT.MAX
Fri Nov 29 12:29:19 Saved as file ~undo.max
Fri Nov 29 12:30:10 Saved as file F:\SEM-5\PCB_PROJECT\FPGA\FPGA_SHOWN\FPGA_BOARD_SCHEMATIC_LAYOUT.MAX
Fri Nov 29 12:30:10 Saved as file F:\SEM-5\PCB_PROJECT\FPGA\FPGA_SHOWN\FPGA_BOARD_SCHEMATIC_LAYOUT.MAX
Fri Nov 29 12:30:10 Saved as file F:\SEM-5\PCB_PROJECT\FPGA\FPGA_SHOWN\FPGA_BOARD_SCHEMATIC_LAYOUT.MAX
Fri Nov 29 12:30:10 Saved as file F:\SEM-5\PCB_PROJECT\FPGA\FPGA_SHOWN\FPGA_BOARD_SCHEMATIC_LAYOUT.MAX
Fri Nov 29 12:30:10 Saved as file F:\SEM-5\PCB_PROJECT\FPGA\FPGA_SHOWN\FPGA_BOARD_SCHEMATIC_LAYOUT.MAX
Fri Nov 29 12:30:10 Saved as file F:\SEM-5\PCB_PROJECT\FPGA\FPGA_SHOWN\FPGA_BOARD_SCHEMATIC_LAYOUT.MAX
Sat Nov 30 09:51:21 Saved as file BACKUP1.MAX
Sat Nov 30 09:51:21 Saved as file E:\SEM 5\PCB\PROJECT_FPGA_30_NOV_2019\FPGA_SHOWN\FPGA_BOARD_SCHEMATIC_LAYOUT.MAX
Sat Nov 30 09:51:22 UserDiv from Layout.INI for AutoECO: 60
Sat Nov 30 09:51:22 Loaded file E:\SEM 5\PCB\PROJECT_FPGA_30_NOV_2019\FPGA_SHOWN\FPGA_BOARD_SCHEMATIC_LAYOUT.MAX
Sat Nov 30 09:51:22 Loaded file E:\SEM 5\PCB\PROJECT_FPGA_30_NOV_2019\FPGA_SHOWN\PCB_PROJECT_FOOTPRINT_LIBRARY.LLB
Sat Nov 30 09:51:22 Loaded file C:\Program Files\Orcad\Layout_Plus\library\BCON100T.llb
Sat Nov 30 09:51:22 Loaded file C:\Program Files\Orcad\Layout_Plus\library\BCON156T.llb
Sat Nov 30 09:51:22 Loaded file C:\Program Files\Orcad\Layout_Plus\library\BGA.llb
Sat Nov 30 09:51:22 Loaded file C:\Program Files\Orcad\Layout_Plus\library\CLCC.llb
Sat Nov 30 09:51:22 Loaded file C:\Program Files\Orcad\Layout_Plus\library\DCON050T.llb
Sat Nov 30 09:51:22 Loaded file C:\Program Files\Orcad\Layout_Plus\library\DCON085T.llb
Sat Nov 30 09:51:22 Loaded file C:\Program Files\Orcad\Layout_Plus\library\DIMM050F.llb
Sat Nov 30 09:51:22 Loaded file C:\Program Files\Orcad\Layout_Plus\library\DIMM050T.llb
Sat Nov 30 09:51:22 Loaded file C:\Program Files\Orcad\Layout_Plus\library\DIN.llb
Sat Nov 30 09:51:22 Loaded file C:\Program Files\Orcad\Layout_Plus\library\DIP100B.llb
Sat Nov 30 09:51:22 Loaded file C:\Program Files\Orcad\Layout_Plus\library\DIP100T.llb
Sat Nov 30 09:51:22 Loaded file C:\Program Files\Orcad\Layout_Plus\library\DSUBT.llb
Sat Nov 30 09:51:22 Loaded file C:\Program Files\Orcad\Layout_Plus\library\DSUBT_HD.LLB
Sat Nov 30 09:51:22 Loaded file C:\Program Files\Orcad\Layout_Plus\library\ECON100T.llb
Sat Nov 30 09:51:22 Loaded file C:\Program Files\Orcad\Layout_Plus\library\FBUS.llb
Sat Nov 30 09:51:22 Loaded file C:\Program Files\Orcad\Layout_Plus\library\ISA.llb
Sat Nov 30 09:51:22 Loaded file C:\Program Files\Orcad\Layout_Plus\library\JUMPER.LLB
Sat Nov 30 09:51:22 Loaded file C:\Program Files\Orcad\Layout_Plus\library\LAYOUT.llb
Sat Nov 30 09:51:22 Loaded file C:\Program Files\Orcad\Layout_Plus\library\LCON100T.llb
Sat Nov 30 09:51:22 Loaded file C:\Program Files\Orcad\Layout_Plus\library\PC104.llb
Sat Nov 30 09:51:22 Loaded file C:\Program Files\Orcad\Layout_Plus\library\PCI.llb
Sat Nov 30 09:51:22 Loaded file C:\Program Files\Orcad\Layout_Plus\library\PCON100T.llb
Sat Nov 30 09:51:22 Loaded file C:\Program Files\Orcad\Layout_Plus\library\PCON156T.llb
Sat Nov 30 09:51:22 Loaded file C:\Program Files\Orcad\Layout_Plus\library\PGA.llb
Sat Nov 30 09:51:22 Loaded file C:\Program Files\Orcad\Layout_Plus\library\PLCC.llb
Sat Nov 30 09:51:22 Loaded file C:\Program Files\Orcad\Layout_Plus\library\QUAD.llb
Sat Nov 30 09:51:22 Loaded file C:\Program Files\Orcad\Layout_Plus\library\QUADB.llb
Sat Nov 30 09:51:22 Loaded file C:\Program Files\Orcad\Layout_Plus\library\RELAY.llb
Sat Nov 30 09:51:22 Loaded file C:\Program Files\Orcad\Layout_Plus\library\RF.llb
Sat Nov 30 09:51:22 Loaded file C:\Program Files\Orcad\Layout_Plus\library\SBUS.llb
Sat Nov 30 09:51:22 Loaded file C:\Program Files\Orcad\Layout_Plus\library\SIMM050F.llb
Sat Nov 30 09:51:22 Loaded file C:\Program Files\Orcad\Layout_Plus\library\SIMM050T.llb
Sat Nov 30 09:51:22 Loaded file C:\Program Files\Orcad\Layout_Plus\library\SIMM100F.llb
Sat Nov 30 09:51:22 Loaded file C:\Program Files\Orcad\Layout_Plus\library\SIMM100T.llb
Sat Nov 30 09:51:22 Loaded file C:\Program Files\Orcad\Layout_Plus\library\SIP.llb
Sat Nov 30 09:51:22 Loaded file C:\Program Files\Orcad\Layout_Plus\library\SM.llb
Sat Nov 30 09:51:22 Loaded file C:\Program Files\Orcad\Layout_Plus\library\SOG.llb
Sat Nov 30 09:51:22 Loaded file C:\Program Files\Orcad\Layout_Plus\library\SOJ.llb
Sat Nov 30 09:51:22 Loaded file C:\Program Files\Orcad\Layout_Plus\library\STIFF.llb
Sat Nov 30 09:51:22 Loaded file C:\Program Files\Orcad\Layout_Plus\library\TELE.llb
Sat Nov 30 09:51:22 Loaded file C:\Program Files\Orcad\Layout_Plus\library\TM_AXIAL.llb
Sat Nov 30 09:51:22 Loaded file C:\Program Files\Orcad\Layout_Plus\library\TM_CAP_P.llb
Sat Nov 30 09:51:22 Loaded file C:\Program Files\Orcad\Layout_Plus\library\TM_CYLND.llb
Sat Nov 30 09:51:22 Loaded file C:\Program Files\Orcad\Layout_Plus\library\TM_DIODE.llb
Sat Nov 30 09:51:22 Loaded file C:\Program Files\Orcad\Layout_Plus\library\TM_DISC.llb
Sat Nov 30 09:51:22 Loaded file C:\Program Files\Orcad\Layout_Plus\library\TM_RAD.llb
Sat Nov 30 09:51:22 Loaded file C:\Program Files\Orcad\Layout_Plus\library\TO.llb
Sat Nov 30 09:51:22 Loaded file C:\Program Files\Orcad\Layout_Plus\library\TRAINING.LLB
Sat Nov 30 09:51:22 Loaded file C:\Program Files\Orcad\Layout_Plus\library\VRES.llb
Sat Nov 30 09:51:22 Loaded file C:\Program Files\Orcad\Layout_Plus\library\WCON100T.llb
Sat Nov 30 09:51:22 Loaded file C:\Program Files\Orcad\Layout_Plus\library\XT.llb
Sat Nov 30 09:51:22 Loaded file C:\Program Files\Orcad\Layout_Plus\library\ZIGZAG.llb
Sat Nov 30 09:51:22 Saved as file E:\SEM 5\PCB\PROJECT_FPGA_30_NOV_2019\FPGA_SHOWN\FPGA_BOARD_SCHEMATIC_LAYOUT.MAX
Sat Nov 30 09:51:24 Loaded file E:\SEM 5\PCB\PROJECT_FPGA_30_NOV_2019\FPGA_SHOWN\FPGA_BOARD_SCHEMATIC_LAYOUT.MAX
Sat Nov 30 09:52:02 Saved as file E:\SEM 5\PCB\PROJECT_FPGA_30_NOV_2019\FPGA_SHOWN\FPGA_BOARD_SCHEMATIC_LAYOUT.MAX
Sat Nov 30 09:52:06 Loaded file E:\SEM 5\PCB\PROJECT_FPGA_30_NOV_2019\FPGA_SHOWN\FPGA_BOARD_SCHEMATIC_LAYOUT.MAX
Sat Nov 30 09:57:54 Saved as file BACKUP1.MAX
Sat Nov 30 09:57:54 Saved as file E:\SEM 5\PCB\PROJECT_FPGA_30_NOV_2019\120_PIN_FPGA\FPGA_BOARD_SCHEMATIC_LAYOUT.MAX
Sat Nov 30 09:57:54 UserDiv from Layout.INI for AutoECO: 60
Sat Nov 30 09:57:54 Loaded file E:\SEM 5\PCB\PROJECT_FPGA_30_NOV_2019\120_PIN_FPGA\FPGA_BOARD_SCHEMATIC_LAYOUT.MAX
Sat Nov 30 09:57:54 Loaded file C:\Program Files\Orcad\Layout_Plus\library\BCON100T.llb
Sat Nov 30 09:57:54 Loaded file C:\Program Files\Orcad\Layout_Plus\library\BCON156T.llb
Sat Nov 30 09:57:54 Loaded file C:\Program Files\Orcad\Layout_Plus\library\BGA.llb
Sat Nov 30 09:57:54 Loaded file C:\Program Files\Orcad\Layout_Plus\library\CLCC.llb
Sat Nov 30 09:57:54 Loaded file C:\Program Files\Orcad\Layout_Plus\library\DCON050T.llb
Sat Nov 30 09:57:54 Loaded file C:\Program Files\Orcad\Layout_Plus\library\DCON085T.llb
Sat Nov 30 09:57:54 Loaded file C:\Program Files\Orcad\Layout_Plus\library\DIMM050F.llb
Sat Nov 30 09:57:54 Loaded file C:\Program Files\Orcad\Layout_Plus\library\DIMM050T.llb
Sat Nov 30 09:57:54 Loaded file C:\Program Files\Orcad\Layout_Plus\library\DIN.llb
Sat Nov 30 09:57:54 Loaded file C:\Program Files\Orcad\Layout_Plus\library\DIP100B.llb
Sat Nov 30 09:57:54 Loaded file C:\Program Files\Orcad\Layout_Plus\library\DIP100T.llb
Sat Nov 30 09:57:54 Loaded file C:\Program Files\Orcad\Layout_Plus\library\DSUBT.llb
Sat Nov 30 09:57:54 Loaded file C:\Program Files\Orcad\Layout_Plus\library\DSUBT_HD.LLB
Sat Nov 30 09:57:54 Loaded file C:\Program Files\Orcad\Layout_Plus\library\ECON100T.llb
Sat Nov 30 09:57:54 Loaded file C:\Program Files\Orcad\Layout_Plus\library\FBUS.llb
Sat Nov 30 09:57:54 Loaded file C:\Program Files\Orcad\Layout_Plus\library\ISA.llb
Sat Nov 30 09:57:54 Loaded file C:\Program Files\Orcad\Layout_Plus\library\JUMPER.LLB
Sat Nov 30 09:57:54 Loaded file C:\Program Files\Orcad\Layout_Plus\library\LAYOUT.llb
Sat Nov 30 09:57:54 Loaded file C:\Program Files\Orcad\Layout_Plus\library\LCON100T.llb
Sat Nov 30 09:57:54 Loaded file C:\Program Files\Orcad\Layout_Plus\library\PC104.llb
Sat Nov 30 09:57:54 Loaded file C:\Program Files\Orcad\Layout_Plus\library\PCI.llb
Sat Nov 30 09:57:54 Loaded file C:\Program Files\Orcad\Layout_Plus\library\PCON100T.llb
Sat Nov 30 09:57:54 Loaded file C:\Program Files\Orcad\Layout_Plus\library\PCON156T.llb
Sat Nov 30 09:57:54 Loaded file C:\Program Files\Orcad\Layout_Plus\library\PGA.llb
Sat Nov 30 09:57:54 Loaded file C:\Program Files\Orcad\Layout_Plus\library\PLCC.llb
Sat Nov 30 09:57:54 Loaded file C:\Program Files\Orcad\Layout_Plus\library\QUAD.llb
Sat Nov 30 09:57:54 Loaded file C:\Program Files\Orcad\Layout_Plus\library\QUADB.llb
Sat Nov 30 09:57:54 Loaded file C:\Program Files\Orcad\Layout_Plus\library\RELAY.llb
Sat Nov 30 09:57:54 Loaded file C:\Program Files\Orcad\Layout_Plus\library\RF.llb
Sat Nov 30 09:57:54 Loaded file C:\Program Files\Orcad\Layout_Plus\library\SBUS.llb
Sat Nov 30 09:57:54 Loaded file C:\Program Files\Orcad\Layout_Plus\library\SIMM050F.llb
Sat Nov 30 09:57:54 Loaded file C:\Program Files\Orcad\Layout_Plus\library\SIMM050T.llb
Sat Nov 30 09:57:54 Loaded file C:\Program Files\Orcad\Layout_Plus\library\SIMM100F.llb
Sat Nov 30 09:57:54 Loaded file C:\Program Files\Orcad\Layout_Plus\library\SIMM100T.llb
Sat Nov 30 09:57:54 Loaded file C:\Program Files\Orcad\Layout_Plus\library\SIP.llb
Sat Nov 30 09:57:54 Loaded file C:\Program Files\Orcad\Layout_Plus\library\SM.llb
Sat Nov 30 09:57:54 Loaded file C:\Program Files\Orcad\Layout_Plus\library\SOG.llb
Sat Nov 30 09:57:54 Loaded file C:\Program Files\Orcad\Layout_Plus\library\SOJ.llb
Sat Nov 30 09:57:54 Loaded file C:\Program Files\Orcad\Layout_Plus\library\STIFF.llb
Sat Nov 30 09:57:54 Loaded file C:\Program Files\Orcad\Layout_Plus\library\TELE.llb
Sat Nov 30 09:57:54 Loaded file C:\Program Files\Orcad\Layout_Plus\library\TM_AXIAL.llb
Sat Nov 30 09:57:54 Loaded file C:\Program Files\Orcad\Layout_Plus\library\TM_CAP_P.llb
Sat Nov 30 09:57:54 Loaded file C:\Program Files\Orcad\Layout_Plus\library\TM_CYLND.llb
Sat Nov 30 09:57:54 Loaded file C:\Program Files\Orcad\Layout_Plus\library\TM_DIODE.llb
Sat Nov 30 09:57:54 Loaded file C:\Program Files\Orcad\Layout_Plus\library\TM_DISC.llb
Sat Nov 30 09:57:54 Loaded file C:\Program Files\Orcad\Layout_Plus\library\TM_RAD.llb
Sat Nov 30 09:57:54 Loaded file C:\Program Files\Orcad\Layout_Plus\library\TO.llb
Sat Nov 30 09:57:54 Loaded file C:\Program Files\Orcad\Layout_Plus\library\TRAINING.LLB
Sat Nov 30 09:57:54 Loaded file C:\Program Files\Orcad\Layout_Plus\library\VRES.llb
Sat Nov 30 09:57:54 Loaded file C:\Program Files\Orcad\Layout_Plus\library\WCON100T.llb
Sat Nov 30 09:57:54 Loaded file C:\Program Files\Orcad\Layout_Plus\library\XT.llb
Sat Nov 30 09:57:54 Loaded file C:\Program Files\Orcad\Layout_Plus\library\ZIGZAG.llb
Sat Nov 30 09:57:55 Saved as file E:\SEM 5\PCB\PROJECT_FPGA_30_NOV_2019\120_PIN_FPGA\FPGA_BOARD_SCHEMATIC_LAYOUT.MAX
Sat Nov 30 09:57:56 Loaded file E:\SEM 5\PCB\PROJECT_FPGA_30_NOV_2019\120_PIN_FPGA\FPGA_BOARD_SCHEMATIC_LAYOUT.MAX
Sat Nov 30 09:58:12 Loaded file E:\SEM 5\PCB\PROJECT_FPGA_30_NOV_2019\120_PIN_FPGA\FPGA_BOARD_SCHEMATIC_LAYOUT.MAX
Sat Nov 30 10:01:02 Saved as file E:\SEM 5\PCB\PROJECT_FPGA_30_NOV_2019\120_PIN_FPGA\FPGA_BOARD_SCHEMATIC_LAYOUT.MAX
Sat Nov 30 12:37:39 Saved as file BACKUP1.MAX
Sat Nov 30 12:37:39 Saved as file C:\USERS\RANJAN YADAV\DESKTOP\PCB_PROJ_EVD9\ESD17I012_ESD17I009_EVD17I014_EVD17I009_EVD17I020_144_PIN_FPGA\144_PIN_FPGA\FPGA_BOARD_SCHEMATIC_LAYOUT.MAX
Sat Nov 30 12:37:40 UserDiv from Layout.INI for AutoECO: 60
Sat Nov 30 12:37:40 Loaded file C:\USERS\RANJAN YADAV\DESKTOP\PCB_PROJ_EVD9\ESD17I012_ESD17I009_EVD17I014_EVD17I009_EVD17I020_144_PIN_FPGA\144_PIN_FPGA\FPGA_BOARD_SCHEMATIC_LAYOUT.MAX
Sat Nov 30 12:37:40 Loaded file C:\USERS\RANJAN YADAV\DESKTOP\EX1\EX1.LLB
Sat Nov 30 12:37:40 Loaded file C:\USERS\RANJAN YADAV\DESKTOP\PCB_LAB_EXERCIESES\EXERCISES_01\EXERCISE_FOOTPRINT.LLB
Sat Nov 30 12:37:40 Loaded file C:\USERS\RANJAN YADAV\DESKTOP\PCB_LAB_EXERCIESES\ASSIGNMENT\DEVICES_FOOTPRINTS.LLB
Sat Nov 30 12:37:40 Loaded file C:\Program Files\Orcad\Layout_Plus\library\BCON100T.llb
Sat Nov 30 12:37:40 Loaded file C:\Program Files\Orcad\Layout_Plus\library\BCON156T.llb
Sat Nov 30 12:37:40 Loaded file C:\Program Files\Orcad\Layout_Plus\library\BGA.llb
Sat Nov 30 12:37:40 Loaded file C:\Program Files\Orcad\Layout_Plus\library\CLCC.llb
Sat Nov 30 12:37:41 Loaded file C:\Program Files\Orcad\Layout_Plus\library\DCON050T.llb
Sat Nov 30 12:37:41 Loaded file C:\Program Files\Orcad\Layout_Plus\library\DCON085T.llb
Sat Nov 30 12:37:41 Loaded file C:\Program Files\Orcad\Layout_Plus\library\DIMM050F.llb
Sat Nov 30 12:37:41 Loaded file C:\Program Files\Orcad\Layout_Plus\library\DIMM050T.llb
Sat Nov 30 12:37:41 Loaded file C:\Program Files\Orcad\Layout_Plus\library\DIN.llb
Sat Nov 30 12:37:41 Loaded file C:\Program Files\Orcad\Layout_Plus\library\DIP100B.llb
Sat Nov 30 12:37:41 Loaded file C:\Program Files\Orcad\Layout_Plus\library\DIP100T.llb
Sat Nov 30 12:37:41 Loaded file C:\Program Files\Orcad\Layout_Plus\library\DSUBT.llb
Sat Nov 30 12:37:41 Loaded file C:\Program Files\Orcad\Layout_Plus\library\DSUBT_HD.LLB
Sat Nov 30 12:37:41 Loaded file C:\Program Files\Orcad\Layout_Plus\library\ECON100T.llb
Sat Nov 30 12:37:41 Loaded file C:\Program Files\Orcad\Layout_Plus\library\FBUS.llb
Sat Nov 30 12:37:41 Loaded file C:\Program Files\Orcad\Layout_Plus\library\ISA.llb
Sat Nov 30 12:37:41 Loaded file C:\Program Files\Orcad\Layout_Plus\library\JUMPER.LLB
Sat Nov 30 12:37:41 Loaded file C:\Program Files\Orcad\Layout_Plus\library\LAYOUT.llb
Sat Nov 30 12:37:41 Loaded file C:\Program Files\Orcad\Layout_Plus\library\LCON100T.llb
Sat Nov 30 12:37:41 Loaded file C:\Program Files\Orcad\Layout_Plus\library\PC104.llb
Sat Nov 30 12:37:41 Loaded file C:\Program Files\Orcad\Layout_Plus\library\PCI.llb
Sat Nov 30 12:37:41 Loaded file C:\Program Files\Orcad\Layout_Plus\library\PCON100T.llb
Sat Nov 30 12:37:41 Loaded file C:\Program Files\Orcad\Layout_Plus\library\PCON156T.llb
Sat Nov 30 12:37:41 Loaded file C:\Program Files\Orcad\Layout_Plus\library\PGA.llb
Sat Nov 30 12:37:41 Loaded file C:\Program Files\Orcad\Layout_Plus\library\PLCC.llb
Sat Nov 30 12:37:41 Loaded file C:\Program Files\Orcad\Layout_Plus\library\QUAD.llb
Sat Nov 30 12:37:41 Loaded file C:\Program Files\Orcad\Layout_Plus\library\QUADB.llb
Sat Nov 30 12:37:41 Loaded file C:\Program Files\Orcad\Layout_Plus\library\RELAY.llb
Sat Nov 30 12:37:41 Loaded file C:\Program Files\Orcad\Layout_Plus\library\RF.llb
Sat Nov 30 12:37:41 Loaded file C:\Program Files\Orcad\Layout_Plus\library\SBUS.llb
Sat Nov 30 12:37:41 Loaded file C:\Program Files\Orcad\Layout_Plus\library\SIMM050F.llb
Sat Nov 30 12:37:41 Loaded file C:\Program Files\Orcad\Layout_Plus\library\SIMM050T.llb
Sat Nov 30 12:37:41 Loaded file C:\Program Files\Orcad\Layout_Plus\library\SIMM100F.llb
Sat Nov 30 12:37:41 Loaded file C:\Program Files\Orcad\Layout_Plus\library\SIMM100T.llb
Sat Nov 30 12:37:41 Loaded file C:\Program Files\Orcad\Layout_Plus\library\SIP.llb
Sat Nov 30 12:37:41 Loaded file C:\Program Files\Orcad\Layout_Plus\library\SM.llb
Sat Nov 30 12:37:41 Loaded file C:\Program Files\Orcad\Layout_Plus\library\SOG.llb
Sat Nov 30 12:37:41 Loaded file C:\Program Files\Orcad\Layout_Plus\library\SOJ.llb
Sat Nov 30 12:37:42 Loaded file C:\Program Files\Orcad\Layout_Plus\library\STIFF.llb
Sat Nov 30 12:37:42 Loaded file C:\Program Files\Orcad\Layout_Plus\library\TELE.llb
Sat Nov 30 12:37:42 Loaded file C:\Program Files\Orcad\Layout_Plus\library\TM_AXIAL.llb
Sat Nov 30 12:37:42 Loaded file C:\Program Files\Orcad\Layout_Plus\library\TM_CAP_P.llb
Sat Nov 30 12:37:42 Loaded file C:\Program Files\Orcad\Layout_Plus\library\TM_CYLND.llb
Sat Nov 30 12:37:42 Loaded file C:\Program Files\Orcad\Layout_Plus\library\TM_DIODE.llb
Sat Nov 30 12:37:42 Loaded file C:\Program Files\Orcad\Layout_Plus\library\TM_DISC.llb
Sat Nov 30 12:37:42 Loaded file C:\Program Files\Orcad\Layout_Plus\library\TM_RAD.llb
Sat Nov 30 12:37:42 Loaded file C:\Program Files\Orcad\Layout_Plus\library\TO.llb
Sat Nov 30 12:37:42 Loaded file C:\Program Files\Orcad\Layout_Plus\library\TRAINING.LLB
Sat Nov 30 12:37:42 Loaded file C:\Program Files\Orcad\Layout_Plus\library\VRES.llb
Sat Nov 30 12:37:42 Loaded file C:\Program Files\Orcad\Layout_Plus\library\WCON100T.llb
Sat Nov 30 12:37:42 Loaded file C:\Program Files\Orcad\Layout_Plus\library\XT.llb
Sat Nov 30 12:37:42 Loaded file C:\Program Files\Orcad\Layout_Plus\library\ZIGZAG.llb
Sat Nov 30 12:37:42 Saved as file C:\USERS\RANJAN YADAV\DESKTOP\PCB_PROJ_EVD9\ESD17I012_ESD17I009_EVD17I014_EVD17I009_EVD17I020_144_PIN_FPGA\144_PIN_FPGA\FPGA_BOARD_SCHEMATIC_LAYOUT.MAX
Sat Nov 30 12:37:43 Loaded file C:\USERS\RANJAN YADAV\DESKTOP\PCB_PROJ_EVD9\ESD17I012_ESD17I009_EVD17I014_EVD17I009_EVD17I020_144_PIN_FPGA\144_PIN_FPGA\FPGA_BOARD_SCHEMATIC_LAYOUT.MAX
Sat Nov 30 12:37:51 Saved as file BACKUP1.MAX
Sat Nov 30 12:37:51 Saved as file C:\USERS\RANJAN YADAV\DESKTOP\PCB_PROJ_EVD9\ESD17I012_ESD17I009_EVD17I014_EVD17I009_EVD17I020_144_PIN_FPGA\144_PIN_FPGA\FPGA_BOARD_SCHEMATIC_LAYOUT.MAX
Sat Nov 30 12:37:51 UserDiv from Layout.INI for AutoECO: 60
Sat Nov 30 12:37:51 Loaded file C:\USERS\RANJAN YADAV\DESKTOP\PCB_PROJ_EVD9\ESD17I012_ESD17I009_EVD17I014_EVD17I009_EVD17I020_144_PIN_FPGA\144_PIN_FPGA\FPGA_BOARD_SCHEMATIC_LAYOUT.MAX
Sat Nov 30 12:37:51 Loaded file C:\USERS\RANJAN YADAV\DESKTOP\EX1\EX1.LLB
Sat Nov 30 12:37:51 Loaded file C:\USERS\RANJAN YADAV\DESKTOP\PCB_LAB_EXERCIESES\EXERCISES_01\EXERCISE_FOOTPRINT.LLB
Sat Nov 30 12:37:51 Loaded file C:\USERS\RANJAN YADAV\DESKTOP\PCB_LAB_EXERCIESES\ASSIGNMENT\DEVICES_FOOTPRINTS.LLB
Sat Nov 30 12:37:52 Loaded file C:\Program Files\Orcad\Layout_Plus\library\BCON100T.llb
Sat Nov 30 12:37:52 Loaded file C:\Program Files\Orcad\Layout_Plus\library\BCON156T.llb
Sat Nov 30 12:37:52 Loaded file C:\Program Files\Orcad\Layout_Plus\library\BGA.llb
Sat Nov 30 12:37:52 Loaded file C:\Program Files\Orcad\Layout_Plus\library\CLCC.llb
Sat Nov 30 12:37:52 Loaded file C:\Program Files\Orcad\Layout_Plus\library\DCON050T.llb
Sat Nov 30 12:37:52 Loaded file C:\Program Files\Orcad\Layout_Plus\library\DCON085T.llb
Sat Nov 30 12:37:52 Loaded file C:\Program Files\Orcad\Layout_Plus\library\DIMM050F.llb
Sat Nov 30 12:37:52 Loaded file C:\Program Files\Orcad\Layout_Plus\library\DIMM050T.llb
Sat Nov 30 12:37:52 Loaded file C:\Program Files\Orcad\Layout_Plus\library\DIN.llb
Sat Nov 30 12:37:52 Loaded file C:\Program Files\Orcad\Layout_Plus\library\DIP100B.llb
Sat Nov 30 12:37:52 Loaded file C:\Program Files\Orcad\Layout_Plus\library\DIP100T.llb
Sat Nov 30 12:37:52 Loaded file C:\Program Files\Orcad\Layout_Plus\library\DSUBT.llb
Sat Nov 30 12:37:52 Loaded file C:\Program Files\Orcad\Layout_Plus\library\DSUBT_HD.LLB
Sat Nov 30 12:37:52 Loaded file C:\Program Files\Orcad\Layout_Plus\library\ECON100T.llb
Sat Nov 30 12:37:52 Loaded file C:\Program Files\Orcad\Layout_Plus\library\FBUS.llb
Sat Nov 30 12:37:52 Loaded file C:\Program Files\Orcad\Layout_Plus\library\ISA.llb
Sat Nov 30 12:37:52 Loaded file C:\Program Files\Orcad\Layout_Plus\library\JUMPER.LLB
Sat Nov 30 12:37:52 Loaded file C:\Program Files\Orcad\Layout_Plus\library\LAYOUT.llb
Sat Nov 30 12:37:52 Loaded file C:\Program Files\Orcad\Layout_Plus\library\LCON100T.llb
Sat Nov 30 12:37:52 Loaded file C:\Program Files\Orcad\Layout_Plus\library\PC104.llb
Sat Nov 30 12:37:52 Loaded file C:\Program Files\Orcad\Layout_Plus\library\PCI.llb
Sat Nov 30 12:37:52 Loaded file C:\Program Files\Orcad\Layout_Plus\library\PCON100T.llb
Sat Nov 30 12:37:52 Loaded file C:\Program Files\Orcad\Layout_Plus\library\PCON156T.llb
Sat Nov 30 12:37:52 Loaded file C:\Program Files\Orcad\Layout_Plus\library\PGA.llb
Sat Nov 30 12:37:52 Loaded file C:\Program Files\Orcad\Layout_Plus\library\PLCC.llb
Sat Nov 30 12:37:52 Loaded file C:\Program Files\Orcad\Layout_Plus\library\QUAD.llb
Sat Nov 30 12:37:52 Loaded file C:\Program Files\Orcad\Layout_Plus\library\QUADB.llb
Sat Nov 30 12:37:52 Loaded file C:\Program Files\Orcad\Layout_Plus\library\RELAY.llb
Sat Nov 30 12:37:52 Loaded file C:\Program Files\Orcad\Layout_Plus\library\RF.llb
Sat Nov 30 12:37:52 Loaded file C:\Program Files\Orcad\Layout_Plus\library\SBUS.llb
Sat Nov 30 12:37:52 Loaded file C:\Program Files\Orcad\Layout_Plus\library\SIMM050F.llb
Sat Nov 30 12:37:52 Loaded file C:\Program Files\Orcad\Layout_Plus\library\SIMM050T.llb
Sat Nov 30 12:37:52 Loaded file C:\Program Files\Orcad\Layout_Plus\library\SIMM100F.llb
Sat Nov 30 12:37:52 Loaded file C:\Program Files\Orcad\Layout_Plus\library\SIMM100T.llb
Sat Nov 30 12:37:52 Loaded file C:\Program Files\Orcad\Layout_Plus\library\SIP.llb
Sat Nov 30 12:37:52 Loaded file C:\Program Files\Orcad\Layout_Plus\library\SM.llb
Sat Nov 30 12:37:52 Loaded file C:\Program Files\Orcad\Layout_Plus\library\SOG.llb
Sat Nov 30 12:37:52 Loaded file C:\Program Files\Orcad\Layout_Plus\library\SOJ.llb
Sat Nov 30 12:37:52 Loaded file C:\Program Files\Orcad\Layout_Plus\library\STIFF.llb
Sat Nov 30 12:37:52 Loaded file C:\Program Files\Orcad\Layout_Plus\library\TELE.llb
Sat Nov 30 12:37:52 Loaded file C:\Program Files\Orcad\Layout_Plus\library\TM_AXIAL.llb
Sat Nov 30 12:37:52 Loaded file C:\Program Files\Orcad\Layout_Plus\library\TM_CAP_P.llb
Sat Nov 30 12:37:52 Loaded file C:\Program Files\Orcad\Layout_Plus\library\TM_CYLND.llb
Sat Nov 30 12:37:52 Loaded file C:\Program Files\Orcad\Layout_Plus\library\TM_DIODE.llb
Sat Nov 30 12:37:52 Loaded file C:\Program Files\Orcad\Layout_Plus\library\TM_DISC.llb
Sat Nov 30 12:37:52 Loaded file C:\Program Files\Orcad\Layout_Plus\library\TM_RAD.llb
Sat Nov 30 12:37:52 Loaded file C:\Program Files\Orcad\Layout_Plus\library\TO.llb
Sat Nov 30 12:37:52 Loaded file C:\Program Files\Orcad\Layout_Plus\library\TRAINING.LLB
Sat Nov 30 12:37:52 Loaded file C:\Program Files\Orcad\Layout_Plus\library\VRES.llb
Sat Nov 30 12:37:52 Loaded file C:\Program Files\Orcad\Layout_Plus\library\WCON100T.llb
Sat Nov 30 12:37:52 Loaded file C:\Program Files\Orcad\Layout_Plus\library\XT.llb
Sat Nov 30 12:37:52 Loaded file C:\Program Files\Orcad\Layout_Plus\library\ZIGZAG.llb
Sat Nov 30 12:37:52 Saved as file C:\USERS\RANJAN YADAV\DESKTOP\PCB_PROJ_EVD9\ESD17I012_ESD17I009_EVD17I014_EVD17I009_EVD17I020_144_PIN_FPGA\144_PIN_FPGA\FPGA_BOARD_SCHEMATIC_LAYOUT.MAX
Sat Nov 30 12:37:57 Loaded file C:\USERS\RANJAN YADAV\DESKTOP\PCB_PROJ_EVD9\ESD17I012_ESD17I009_EVD17I014_EVD17I009_EVD17I020_144_PIN_FPGA\144_PIN_FPGA\FPGA_BOARD_SCHEMATIC_LAYOUT.MAX
